2025-09-16 16:17:02 | [INFO]    | Discordia 2.13.1
2025-09-16 16:17:02 | [INFO]    | Connecting to Discord...
2025-09-16 16:17:02 | [INFO]    | Authenticated as RefreshingMemory#8730
2025-09-16 16:17:04 | [INFO]    | Launching shard 0 (1 out of 1)...
2025-09-16 16:17:04 | [INFO]    | Shard 0 : Connected to wss://gateway.discord.gg
2025-09-16 16:17:04 | [INFO]    | Shard 0 : Received HELLO
2025-09-16 16:17:04 | [INFO]    | Shard 0 : Received READY
2025-09-16 16:17:42 | [INFO]    | Discordia 2.13.1
2025-09-16 16:17:42 | [INFO]    | Connecting to Discord...
2025-09-16 16:17:42 | [INFO]    | Authenticated as RefreshingMemory#8730
2025-09-16 16:17:42 | [INFO]    | Launching shard 0 (1 out of 1)...
2025-09-16 16:17:43 | [INFO]    | Shard 0 : Connected to wss://gateway.discord.gg
2025-09-16 16:17:43 | [INFO]    | Shard 0 : Received HELLO
2025-09-16 16:17:43 | [INFO]    | Shard 0 : Received READY
2025-09-16 16:17:45 | [INFO]    | Discordia 2.13.1
2025-09-16 16:17:45 | [INFO]    | Connecting to Discord...
2025-09-16 16:17:45 | [INFO]    | Authenticated as RefreshingMemory#8730
2025-09-16 16:17:45 | [INFO]    | Launching shard 0 (1 out of 1)...
2025-09-16 16:17:45 | [INFO]    | Shard 0 : Connected to wss://gateway.discord.gg
2025-09-16 16:17:45 | [INFO]    | Shard 0 : Received HELLO
2025-09-16 16:17:45 | [INFO]    | Shard 0 : Received READY
2025-09-16 16:18:13 | [INFO]    | Discordia 2.13.1
2025-09-16 16:18:13 | [INFO]    | Connecting to Discord...
2025-09-16 16:18:13 | [INFO]    | Authenticated as RefreshingMemory#8730
2025-09-16 16:18:13 | [INFO]    | Launching shard 0 (1 out of 1)...
2025-09-16 16:18:13 | [INFO]    | Shard 0 : Connected to wss://gateway.discord.gg
2025-09-16 16:18:13 | [INFO]    | Shard 0 : Received HELLO
2025-09-16 16:18:13 | [INFO]    | Shard 0 : Received READY
2025-09-16 16:18:25 | [INFO]    | Discordia 2.13.1
2025-09-16 16:18:25 | [INFO]    | Connecting to Discord...
2025-09-16 16:18:25 | [INFO]    | Authenticated as RefreshingMemory#8730
2025-09-16 16:18:25 | [INFO]    | Launching shard 0 (1 out of 1)...
2025-09-16 16:18:26 | [INFO]    | Shard 0 : Connected to wss://gateway.discord.gg
2025-09-16 16:18:26 | [INFO]    | Shard 0 : Received HELLO
2025-09-16 16:18:26 | [INFO]    | Shard 0 : Received READY
2025-09-16 16:18:40 | [INFO]    | Discordia 2.13.1
2025-09-16 16:18:40 | [INFO]    | Connecting to Discord...
2025-09-16 16:18:40 | [INFO]    | Authenticated as RefreshingMemory#8730
2025-09-16 16:18:40 | [INFO]    | Launching shard 0 (1 out of 1)...
2025-09-16 16:18:41 | [INFO]    | Shard 0 : Connected to wss://gateway.discord.gg
2025-09-16 16:18:41 | [INFO]    | Shard 0 : Received HELLO
2025-09-16 16:18:41 | [INFO]    | Shard 0 : Received READY
2025-09-16 16:18:49 | [INFO]    | Discordia 2.13.1
2025-09-16 16:18:49 | [INFO]    | Connecting to Discord...
2025-09-16 16:18:49 | [INFO]    | Authenticated as RefreshingMemory#8730
2025-09-16 16:18:49 | [INFO]    | Launching shard 0 (1 out of 1)...
2025-09-16 16:18:50 | [INFO]    | Shard 0 : Connected to wss://gateway.discord.gg
2025-09-16 16:18:50 | [INFO]    | Shard 0 : Received HELLO
2025-09-16 16:18:50 | [INFO]    | Shard 0 : Received READY
2025-09-16 16:18:59 | [INFO]    | Discordia 2.13.1
2025-09-16 16:18:59 | [INFO]    | Connecting to Discord...
2025-09-16 16:18:59 | [INFO]    | Authenticated as RefreshingMemory#8730
2025-09-16 16:18:59 | [INFO]    | Launching shard 0 (1 out of 1)...
2025-09-16 16:18:59 | [INFO]    | Shard 0 : Connected to wss://gateway.discord.gg
2025-09-16 16:18:59 | [INFO]    | Shard 0 : Received HELLO
2025-09-16 16:18:59 | [INFO]    | Shard 0 : Received READY
2025-09-16 16:20:16 | [INFO]    | Discordia 2.13.1
2025-09-16 16:20:16 | [INFO]    | Connecting to Discord...
2025-09-16 16:20:16 | [INFO]    | Authenticated as RefreshingMemory#8730
2025-09-16 16:20:16 | [INFO]    | Launching shard 0 (1 out of 1)...
2025-09-16 16:20:17 | [INFO]    | Shard 0 : Connected to wss://gateway.discord.gg
2025-09-16 16:20:17 | [INFO]    | Shard 0 : Received HELLO
2025-09-16 16:20:17 | [INFO]    | Shard 0 : Received READY
2025-09-16 16:20:48 | [INFO]    | Discordia 2.13.1
2025-09-16 16:20:48 | [INFO]    | Connecting to Discord...
2025-09-16 16:20:48 | [INFO]    | Authenticated as RefreshingMemory#8730
2025-09-16 16:20:48 | [INFO]    | Launching shard 0 (1 out of 1)...
2025-09-16 16:20:48 | [INFO]    | Shard 0 : Connected to wss://gateway.discord.gg
2025-09-16 16:20:48 | [INFO]    | Shard 0 : Received HELLO
2025-09-16 16:20:49 | [INFO]    | Shard 0 : Received READY
2025-09-16 16:22:07 | [INFO]    | Discordia 2.13.1
2025-09-16 16:22:07 | [INFO]    | Connecting to Discord...
2025-09-16 16:22:07 | [INFO]    | Authenticated as RefreshingMemory#8730
2025-09-16 16:22:07 | [INFO]    | Launching shard 0 (1 out of 1)...
2025-09-16 16:22:07 | [INFO]    | Shard 0 : Connected to wss://gateway.discord.gg
2025-09-16 16:22:07 | [INFO]    | Shard 0 : Received HELLO
2025-09-16 16:22:08 | [INFO]    | Shard 0 : Received READY
2025-09-16 16:22:28 | [INFO]    | Discordia 2.13.1
2025-09-16 16:22:28 | [INFO]    | Connecting to Discord...
2025-09-16 16:22:28 | [INFO]    | Authenticated as RefreshingMemory#8730
2025-09-16 16:22:28 | [INFO]    | Launching shard 0 (1 out of 1)...
2025-09-16 16:22:28 | [INFO]    | Shard 0 : Connected to wss://gateway.discord.gg
2025-09-16 16:22:28 | [INFO]    | Shard 0 : Received HELLO
2025-09-16 16:22:28 | [INFO]    | Shard 0 : Received READY
2025-09-16 16:23:09 | [INFO]    | Discordia 2.13.1
2025-09-16 16:23:09 | [INFO]    | Connecting to Discord...
2025-09-16 16:23:10 | [INFO]    | Authenticated as RefreshingMemory#8730
2025-09-16 16:23:10 | [INFO]    | Launching shard 0 (1 out of 1)...
2025-09-16 16:23:10 | [INFO]    | Shard 0 : Connected to wss://gateway.discord.gg
2025-09-16 16:23:10 | [INFO]    | Shard 0 : Received HELLO
2025-09-16 16:23:10 | [INFO]    | Shard 0 : Received READY
2025-09-16 16:24:47 | [INFO]    | Discordia 2.13.1
2025-09-16 16:24:47 | [INFO]    | Connecting to Discord...
2025-09-16 16:24:47 | [INFO]    | Authenticated as RefreshingMemory#8730
2025-09-16 16:24:47 | [INFO]    | Launching shard 0 (1 out of 1)...
2025-09-16 16:24:47 | [INFO]    | Shard 0 : Connected to wss://gateway.discord.gg
2025-09-16 16:24:47 | [INFO]    | Shard 0 : Received HELLO
2025-09-16 16:24:48 | [INFO]    | Shard 0 : Received READY
2025-09-16 16:25:03 | [INFO]    | Discordia 2.13.1
2025-09-16 16:25:03 | [INFO]    | Connecting to Discord...
2025-09-16 16:25:03 | [INFO]    | Authenticated as RefreshingMemory#8730
2025-09-16 16:25:03 | [INFO]    | Launching shard 0 (1 out of 1)...
2025-09-16 16:25:04 | [INFO]    | Shard 0 : Connected to wss://gateway.discord.gg
2025-09-16 16:25:04 | [INFO]    | Shard 0 : Received HELLO
2025-09-16 16:25:04 | [INFO]    | Shard 0 : Received READY
2025-09-16 16:25:12 | [INFO]    | Discordia 2.13.1
2025-09-16 16:25:12 | [INFO]    | Connecting to Discord...
2025-09-16 16:25:12 | [INFO]    | Authenticated as RefreshingMemory#8730
2025-09-16 16:25:12 | [INFO]    | Launching shard 0 (1 out of 1)...
2025-09-16 16:25:13 | [INFO]    | Shard 0 : Connected to wss://gateway.discord.gg
2025-09-16 16:25:13 | [INFO]    | Shard 0 : Received HELLO
2025-09-16 16:25:13 | [INFO]    | Shard 0 : Received READY
2025-09-16 16:25:35 | [INFO]    | Discordia 2.13.1
2025-09-16 16:25:35 | [INFO]    | Connecting to Discord...
2025-09-16 16:25:35 | [INFO]    | Authenticated as RefreshingMemory#8730
2025-09-16 16:25:35 | [INFO]    | Launching shard 0 (1 out of 1)...
2025-09-16 16:25:35 | [INFO]    | Shard 0 : Connected to wss://gateway.discord.gg
2025-09-16 16:25:35 | [INFO]    | Shard 0 : Received HELLO
2025-09-16 16:25:35 | [INFO]    | Shard 0 : Received READY
2025-09-16 16:28:28 | [INFO]    | Discordia 2.13.1
2025-09-16 16:28:28 | [INFO]    | Connecting to Discord...
2025-09-16 16:28:29 | [INFO]    | Authenticated as RefreshingMemory#8730
2025-09-16 16:28:29 | [INFO]    | Launching shard 0 (1 out of 1)...
2025-09-16 16:28:29 | [INFO]    | Shard 0 : Connected to wss://gateway.discord.gg
2025-09-16 16:28:29 | [INFO]    | Shard 0 : Received HELLO
2025-09-16 16:28:29 | [INFO]    | Shard 0 : Received READY
2025-09-16 16:29:17 | [INFO]    | Discordia 2.13.1
2025-09-16 16:29:17 | [INFO]    | Connecting to Discord...
2025-09-16 16:29:17 | [INFO]    | Authenticated as RefreshingMemory#8730
2025-09-16 16:29:17 | [INFO]    | Launching shard 0 (1 out of 1)...
2025-09-16 16:29:17 | [INFO]    | Shard 0 : Connected to wss://gateway.discord.gg
2025-09-16 16:29:17 | [INFO]    | Shard 0 : Received HELLO
2025-09-16 16:29:18 | [INFO]    | Shard 0 : Received READY
2025-09-16 16:30:41 | [INFO]    | Discordia 2.13.1
2025-09-16 16:30:41 | [INFO]    | Connecting to Discord...
2025-09-16 16:30:41 | [INFO]    | Authenticated as RefreshingMemory#8730
2025-09-16 16:30:41 | [INFO]    | Launching shard 0 (1 out of 1)...
2025-09-16 16:30:41 | [INFO]    | Shard 0 : Connected to wss://gateway.discord.gg
2025-09-16 16:30:41 | [INFO]    | Shard 0 : Received HELLO
2025-09-16 16:30:42 | [INFO]    | Shard 0 : Received READY
2025-09-16 16:32:45 | [INFO]    | Discordia 2.13.1
2025-09-16 16:32:45 | [INFO]    | Connecting to Discord...
2025-09-16 16:32:45 | [INFO]    | Authenticated as RefreshingMemory#8730
2025-09-16 16:32:45 | [INFO]    | Launching shard 0 (1 out of 1)...
2025-09-16 16:32:45 | [INFO]    | Shard 0 : Connected to wss://gateway.discord.gg
2025-09-16 16:32:45 | [INFO]    | Shard 0 : Received HELLO
2025-09-16 16:32:46 | [INFO]    | Shard 0 : Received READY
2025-09-16 16:44:15 | [INFO]    | Discordia 2.13.1
2025-09-16 16:44:15 | [INFO]    | Connecting to Discord...
2025-09-16 16:44:15 | [INFO]    | Authenticated as RefreshingMemory#8730
2025-09-16 16:44:15 | [INFO]    | Launching shard 0 (1 out of 1)...
2025-09-16 16:44:15 | [INFO]    | Shard 0 : Connected to wss://gateway.discord.gg
2025-09-16 16:44:15 | [INFO]    | Shard 0 : Received HELLO
2025-09-16 16:44:16 | [INFO]    | Shard 0 : Received READY
2025-09-16 16:45:04 | [INFO]    | Discordia 2.13.1
2025-09-16 16:45:04 | [INFO]    | Connecting to Discord...
2025-09-16 16:45:05 | [INFO]    | Authenticated as RefreshingMemory#8730
2025-09-16 16:45:05 | [INFO]    | Launching shard 0 (1 out of 1)...
2025-09-16 16:45:05 | [INFO]    | Shard 0 : Connected to wss://gateway.discord.gg
2025-09-16 16:45:05 | [INFO]    | Shard 0 : Received HELLO
2025-09-16 16:45:05 | [INFO]    | Shard 0 : Received READY
2025-09-16 16:45:31 | [INFO]    | Discordia 2.13.1
2025-09-16 16:45:31 | [INFO]    | Connecting to Discord...
2025-09-16 16:45:31 | [INFO]    | Authenticated as RefreshingMemory#8730
2025-09-16 16:45:31 | [INFO]    | Launching shard 0 (1 out of 1)...
2025-09-16 16:45:31 | [INFO]    | Shard 0 : Connected to wss://gateway.discord.gg
2025-09-16 16:45:31 | [INFO]    | Shard 0 : Received HELLO
2025-09-16 16:45:31 | [INFO]    | Shard 0 : Received READY
2025-09-16 16:46:52 | [INFO]    | Discordia 2.13.1
2025-09-16 16:46:52 | [INFO]    | Connecting to Discord...
2025-09-16 16:46:52 | [INFO]    | Authenticated as RefreshingMemory#8730
2025-09-16 16:46:52 | [INFO]    | Launching shard 0 (1 out of 1)...
2025-09-16 16:46:53 | [INFO]    | Shard 0 : Connected to wss://gateway.discord.gg
2025-09-16 16:46:53 | [INFO]    | Shard 0 : Received HELLO
2025-09-16 16:46:53 | [INFO]    | Shard 0 : Received READY
2025-09-16 16:50:10 | [INFO]    | Shard 0 : Disconnected
2025-09-16 16:50:10 | [INFO]    | Shard 0 : Reconnecting after 980 ms...
2025-09-16 16:50:11 | [INFO]    | Shard 0 : Connected to wss://gateway.discord.gg
2025-09-16 16:50:11 | [INFO]    | Shard 0 : Received HELLO
2025-09-16 16:50:11 | [INFO]    | Shard 0 : Received RESUMED
2025-09-16 17:01:03 | [INFO]    | Discordia 2.13.1
2025-09-16 17:01:03 | [INFO]    | Connecting to Discord...
2025-09-16 17:01:03 | [INFO]    | Authenticated as RefreshingMemory#8730
2025-09-16 17:01:03 | [INFO]    | Launching shard 0 (1 out of 1)...
2025-09-16 17:01:04 | [INFO]    | Shard 0 : Connected to wss://gateway.discord.gg
2025-09-16 17:01:04 | [INFO]    | Shard 0 : Received HELLO
2025-09-16 17:01:05 | [INFO]    | Shard 0 : Received READY
2025-09-16 17:04:33 | [INFO]    | Discordia 2.13.1
2025-09-16 17:04:33 | [INFO]    | Connecting to Discord...
2025-09-16 17:04:33 | [INFO]    | Authenticated as RefreshingMemory#8730
2025-09-16 17:04:33 | [INFO]    | Launching shard 0 (1 out of 1)...
2025-09-16 17:04:33 | [INFO]    | Shard 0 : Connected to wss://gateway.discord.gg
2025-09-16 17:04:33 | [INFO]    | Shard 0 : Received HELLO
2025-09-16 17:04:33 | [INFO]    | Shard 0 : Received READY
2025-09-16 17:04:58 | [INFO]    | Discordia 2.13.1
2025-09-16 17:04:58 | [INFO]    | Connecting to Discord...
2025-09-16 17:04:58 | [INFO]    | Authenticated as RefreshingMemory#8730
2025-09-16 17:04:58 | [INFO]    | Launching shard 0 (1 out of 1)...
2025-09-16 17:04:58 | [INFO]    | Shard 0 : Connected to wss://gateway.discord.gg
2025-09-16 17:04:58 | [INFO]    | Shard 0 : Received HELLO
2025-09-16 17:04:59 | [INFO]    | Shard 0 : Received READY
2025-09-16 18:41:34 | [INFO]    | Shard 0 : Discord has requested a reconnection
2025-09-16 18:41:34 | [INFO]    | Shard 0 : Disconnected
2025-09-16 18:41:34 | [INFO]    | Shard 0 : Reconnecting...
2025-09-16 18:41:34 | [INFO]    | Shard 0 : Connected to wss://gateway.discord.gg
2025-09-16 18:41:34 | [INFO]    | Shard 0 : Received HELLO
2025-09-16 18:41:34 | [INFO]    | Shard 0 : Received RESUMED
2025-09-16 20:10:46 | [INFO]    | Shard 0 : Disconnected
2025-09-16 20:10:46 | [INFO]    | Shard 0 : Reconnecting after 1096 ms...
2025-09-16 20:10:48 | [INFO]    | Shard 0 : Connected to wss://gateway.discord.gg
2025-09-16 20:10:48 | [INFO]    | Shard 0 : Received HELLO
2025-09-16 20:10:48 | [INFO]    | Shard 0 : Received RESUMED
2025-09-16 21:46:49 | [INFO]    | Discordia 2.13.1
2025-09-16 21:46:49 | [INFO]    | Connecting to Discord...
2025-09-16 21:46:50 | [INFO]    | Authenticated as RefreshingMemory#8730
2025-09-16 21:46:50 | [INFO]    | Launching shard 0 (1 out of 1)...
2025-09-16 21:46:50 | [INFO]    | Shard 0 : Connected to wss://gateway.discord.gg
2025-09-16 21:46:50 | [INFO]    | Shard 0 : Received HELLO
2025-09-16 21:46:51 | [INFO]    | Shard 0 : Received READY
2025-09-16 21:49:04 | [INFO]    | Discordia 2.13.1
2025-09-16 21:49:04 | [INFO]    | Connecting to Discord...
2025-09-16 21:49:05 | [INFO]    | Authenticated as RefreshingMemory#8730
2025-09-16 21:49:05 | [INFO]    | Launching shard 0 (1 out of 1)...
2025-09-16 21:49:05 | [INFO]    | Shard 0 : Connected to wss://gateway.discord.gg
2025-09-16 21:49:05 | [INFO]    | Shard 0 : Received HELLO
2025-09-16 21:49:05 | [INFO]    | Shard 0 : Received READY
2025-09-16 21:50:29 | [INFO]    | Discordia 2.13.1
2025-09-16 21:50:29 | [INFO]    | Connecting to Discord...
2025-09-16 21:50:30 | [INFO]    | Authenticated as RefreshingMemory#8730
2025-09-16 21:50:30 | [INFO]    | Launching shard 0 (1 out of 1)...
2025-09-16 21:50:30 | [INFO]    | Shard 0 : Connected to wss://gateway.discord.gg
2025-09-16 21:50:30 | [INFO]    | Shard 0 : Received HELLO
2025-09-16 21:50:30 | [INFO]    | Shard 0 : Received READY
2025-09-16 21:55:40 | [INFO]    | Discordia 2.13.1
2025-09-16 21:55:40 | [INFO]    | Connecting to Discord...
2025-09-16 21:55:40 | [INFO]    | Authenticated as RefreshingMemory#8730
2025-09-16 21:55:40 | [INFO]    | Launching shard 0 (1 out of 1)...
2025-09-16 21:55:40 | [INFO]    | Shard 0 : Connected to wss://gateway.discord.gg
2025-09-16 21:55:40 | [INFO]    | Shard 0 : Received HELLO
2025-09-16 21:55:41 | [INFO]    | Shard 0 : Received READY
2025-09-16 21:56:51 | [INFO]    | Discordia 2.13.1
2025-09-16 21:56:51 | [INFO]    | Connecting to Discord...
2025-09-16 21:56:51 | [INFO]    | Authenticated as RefreshingMemory#8730
2025-09-16 21:56:51 | [INFO]    | Launching shard 0 (1 out of 1)...
2025-09-16 21:56:51 | [INFO]    | Shard 0 : Connected to wss://gateway.discord.gg
2025-09-16 21:56:51 | [INFO]    | Shard 0 : Received HELLO
2025-09-16 21:56:51 | [INFO]    | Shard 0 : Received READY
2025-09-16 21:58:19 | [INFO]    | Discordia 2.13.1
2025-09-16 21:58:19 | [INFO]    | Connecting to Discord...
2025-09-16 21:58:20 | [INFO]    | Authenticated as RefreshingMemory#8730
2025-09-16 21:58:20 | [INFO]    | Launching shard 0 (1 out of 1)...
2025-09-16 21:58:20 | [INFO]    | Shard 0 : Connected to wss://gateway.discord.gg
2025-09-16 21:58:20 | [INFO]    | Shard 0 : Received HELLO
2025-09-16 21:58:20 | [INFO]    | Shard 0 : Received READY
2025-09-16 21:58:50 | [INFO]    | Discordia 2.13.1
2025-09-16 21:58:50 | [INFO]    | Connecting to Discord...
2025-09-16 21:58:50 | [INFO]    | Authenticated as RefreshingMemory#8730
2025-09-16 21:58:50 | [INFO]    | Launching shard 0 (1 out of 1)...
2025-09-16 21:58:50 | [INFO]    | Shard 0 : Connected to wss://gateway.discord.gg
2025-09-16 21:58:50 | [INFO]    | Shard 0 : Received HELLO
2025-09-16 21:58:51 | [INFO]    | Shard 0 : Received READY
2025-09-16 21:59:37 | [INFO]    | Discordia 2.13.1
2025-09-16 21:59:37 | [INFO]    | Connecting to Discord...
2025-09-16 21:59:38 | [INFO]    | Authenticated as RefreshingMemory#8730
2025-09-16 21:59:38 | [INFO]    | Launching shard 0 (1 out of 1)...
2025-09-16 21:59:38 | [INFO]    | Shard 0 : Connected to wss://gateway.discord.gg
2025-09-16 21:59:38 | [INFO]    | Shard 0 : Received HELLO
2025-09-16 21:59:38 | [INFO]    | Shard 0 : Received READY
2025-09-16 22:00:56 | [INFO]    | Discordia 2.13.1
2025-09-16 22:00:56 | [INFO]    | Connecting to Discord...
2025-09-16 22:00:57 | [INFO]    | Authenticated as RefreshingMemory#8730
2025-09-16 22:00:57 | [INFO]    | Launching shard 0 (1 out of 1)...
2025-09-16 22:00:57 | [INFO]    | Shard 0 : Connected to wss://gateway.discord.gg
2025-09-16 22:00:57 | [INFO]    | Shard 0 : Received HELLO
2025-09-16 22:00:57 | [INFO]    | Shard 0 : Received READY
2025-09-16 22:04:36 | [INFO]    | Discordia 2.13.1
2025-09-16 22:04:36 | [INFO]    | Connecting to Discord...
2025-09-16 22:04:37 | [INFO]    | Authenticated as RefreshingMemory#8730
2025-09-16 22:04:37 | [INFO]    | Launching shard 0 (1 out of 1)...
2025-09-16 22:04:37 | [INFO]    | Shard 0 : Connected to wss://gateway.discord.gg
2025-09-16 22:04:37 | [INFO]    | Shard 0 : Received HELLO
2025-09-16 22:04:37 | [INFO]    | Shard 0 : Received READY
2025-09-16 22:08:29 | [INFO]    | Discordia 2.13.1
2025-09-16 22:08:29 | [INFO]    | Connecting to Discord...
2025-09-16 22:08:30 | [INFO]    | Authenticated as RefreshingMemory#8730
2025-09-16 22:08:30 | [INFO]    | Launching shard 0 (1 out of 1)...
2025-09-16 22:08:30 | [INFO]    | Shard 0 : Connected to wss://gateway.discord.gg
2025-09-16 22:08:30 | [INFO]    | Shard 0 : Received HELLO
2025-09-16 22:08:30 | [INFO]    | Shard 0 : Received READY
2025-09-16 22:10:29 | [INFO]    | Discordia 2.13.1
2025-09-16 22:10:29 | [INFO]    | Connecting to Discord...
2025-09-16 22:10:29 | [INFO]    | Authenticated as RefreshingMemory#8730
2025-09-16 22:10:29 | [INFO]    | Launching shard 0 (1 out of 1)...
2025-09-16 22:10:29 | [INFO]    | Shard 0 : Connected to wss://gateway.discord.gg
2025-09-16 22:10:29 | [INFO]    | Shard 0 : Received HELLO
2025-09-16 22:10:29 | [INFO]    | Shard 0 : Received READY
2025-09-16 22:11:59 | [INFO]    | Discordia 2.13.1
2025-09-16 22:11:59 | [INFO]    | Connecting to Discord...
2025-09-16 22:11:59 | [INFO]    | Authenticated as RefreshingMemory#8730
2025-09-16 22:11:59 | [INFO]    | Launching shard 0 (1 out of 1)...
2025-09-16 22:11:59 | [INFO]    | Shard 0 : Connected to wss://gateway.discord.gg
2025-09-16 22:11:59 | [INFO]    | Shard 0 : Received HELLO
2025-09-16 22:12:00 | [INFO]    | Shard 0 : Received READY
2025-09-16 22:12:16 | [INFO]    | Discordia 2.13.1
2025-09-16 22:12:16 | [INFO]    | Connecting to Discord...
2025-09-16 22:12:16 | [INFO]    | Authenticated as RefreshingMemory#8730
2025-09-16 22:12:16 | [INFO]    | Launching shard 0 (1 out of 1)...
2025-09-16 22:12:17 | [INFO]    | Shard 0 : Connected to wss://gateway.discord.gg
2025-09-16 22:12:17 | [INFO]    | Shard 0 : Received HELLO
2025-09-16 22:12:17 | [INFO]    | Shard 0 : Received READY
2025-09-16 22:12:33 | [INFO]    | Discordia 2.13.1
2025-09-16 22:12:33 | [INFO]    | Connecting to Discord...
2025-09-16 22:12:33 | [INFO]    | Authenticated as RefreshingMemory#8730
2025-09-16 22:12:33 | [INFO]    | Launching shard 0 (1 out of 1)...
2025-09-16 22:12:33 | [INFO]    | Shard 0 : Connected to wss://gateway.discord.gg
2025-09-16 22:12:33 | [INFO]    | Shard 0 : Received HELLO
2025-09-16 22:12:34 | [INFO]    | Shard 0 : Received READY
2025-09-16 22:13:47 | [INFO]    | Discordia 2.13.1
2025-09-16 22:13:47 | [INFO]    | Connecting to Discord...
2025-09-16 22:13:47 | [INFO]    | Authenticated as RefreshingMemory#8730
2025-09-16 22:13:47 | [INFO]    | Launching shard 0 (1 out of 1)...
2025-09-16 22:13:47 | [INFO]    | Shard 0 : Connected to wss://gateway.discord.gg
2025-09-16 22:13:47 | [INFO]    | Shard 0 : Received HELLO
2025-09-16 22:13:47 | [INFO]    | Shard 0 : Received READY
2025-09-16 22:14:50 | [INFO]    | Discordia 2.13.1
2025-09-16 22:14:50 | [INFO]    | Connecting to Discord...
2025-09-16 22:14:50 | [INFO]    | Authenticated as RefreshingMemory#8730
2025-09-16 22:14:50 | [INFO]    | Launching shard 0 (1 out of 1)...
2025-09-16 22:14:50 | [INFO]    | Shard 0 : Connected to wss://gateway.discord.gg
2025-09-16 22:14:50 | [INFO]    | Shard 0 : Received HELLO
2025-09-16 22:14:50 | [INFO]    | Shard 0 : Received READY
2025-09-16 22:15:49 | [INFO]    | Discordia 2.13.1
2025-09-16 22:15:49 | [INFO]    | Connecting to Discord...
2025-09-16 22:15:50 | [INFO]    | Authenticated as RefreshingMemory#8730
2025-09-16 22:15:50 | [INFO]    | Launching shard 0 (1 out of 1)...
2025-09-16 22:15:50 | [INFO]    | Shard 0 : Connected to wss://gateway.discord.gg
2025-09-16 22:15:50 | [INFO]    | Shard 0 : Received HELLO
2025-09-16 22:15:50 | [INFO]    | Shard 0 : Received READY
2025-09-16 22:18:50 | [INFO]    | Discordia 2.13.1
2025-09-16 22:18:50 | [INFO]    | Connecting to Discord...
2025-09-16 22:18:50 | [INFO]    | Authenticated as RefreshingMemory#8730
2025-09-16 22:18:50 | [INFO]    | Launching shard 0 (1 out of 1)...
2025-09-16 22:18:51 | [INFO]    | Shard 0 : Connected to wss://gateway.discord.gg
2025-09-16 22:18:51 | [INFO]    | Shard 0 : Received HELLO
2025-09-16 22:18:51 | [INFO]    | Shard 0 : Received READY
2025-09-16 22:21:18 | [INFO]    | Discordia 2.13.1
2025-09-16 22:21:18 | [INFO]    | Connecting to Discord...
2025-09-16 22:21:18 | [INFO]    | Authenticated as RefreshingMemory#8730
2025-09-16 22:21:18 | [INFO]    | Launching shard 0 (1 out of 1)...
2025-09-16 22:21:18 | [INFO]    | Shard 0 : Connected to wss://gateway.discord.gg
2025-09-16 22:21:18 | [INFO]    | Shard 0 : Received HELLO
2025-09-16 22:21:19 | [INFO]    | Shard 0 : Received READY
2025-09-16 22:21:53 | [INFO]    | Discordia 2.13.1
2025-09-16 22:21:53 | [INFO]    | Connecting to Discord...
2025-09-16 22:21:54 | [INFO]    | Authenticated as RefreshingMemory#8730
2025-09-16 22:21:54 | [INFO]    | Launching shard 0 (1 out of 1)...
2025-09-16 22:21:54 | [INFO]    | Shard 0 : Connected to wss://gateway.discord.gg
2025-09-16 22:21:54 | [INFO]    | Shard 0 : Received HELLO
2025-09-16 22:21:54 | [INFO]    | Shard 0 : Received READY
2025-09-16 22:31:35 | [INFO]    | Discordia 2.13.1
2025-09-16 22:31:35 | [INFO]    | Connecting to Discord...
2025-09-16 22:31:36 | [INFO]    | Authenticated as RefreshingMemory#8730
2025-09-16 22:31:36 | [INFO]    | Launching shard 0 (1 out of 1)...
2025-09-16 22:31:36 | [INFO]    | Shard 0 : Connected to wss://gateway.discord.gg
2025-09-16 22:31:36 | [INFO]    | Shard 0 : Received HELLO
2025-09-16 22:31:36 | [INFO]    | Shard 0 : Received READY
2025-09-16 22:32:52 | [INFO]    | Discordia 2.13.1
2025-09-16 22:32:52 | [INFO]    | Connecting to Discord...
2025-09-16 22:32:53 | [INFO]    | Authenticated as RefreshingMemory#8730
2025-09-16 22:32:53 | [INFO]    | Launching shard 0 (1 out of 1)...
2025-09-16 22:32:53 | [INFO]    | Shard 0 : Connected to wss://gateway.discord.gg
2025-09-16 22:32:53 | [INFO]    | Shard 0 : Received HELLO
2025-09-16 22:32:53 | [INFO]    | Shard 0 : Received READY
2025-09-16 22:33:37 | [INFO]    | Discordia 2.13.1
2025-09-16 22:33:37 | [INFO]    | Connecting to Discord...
2025-09-16 22:33:37 | [INFO]    | Authenticated as RefreshingMemory#8730
2025-09-16 22:33:37 | [INFO]    | Launching shard 0 (1 out of 1)...
2025-09-16 22:33:38 | [INFO]    | Shard 0 : Connected to wss://gateway.discord.gg
2025-09-16 22:33:38 | [INFO]    | Shard 0 : Received HELLO
2025-09-16 22:33:38 | [INFO]    | Shard 0 : Received READY
2025-09-16 22:37:19 | [INFO]    | Discordia 2.13.1
2025-09-16 22:37:19 | [INFO]    | Connecting to Discord...
2025-09-16 22:37:19 | [INFO]    | Authenticated as RefreshingMemory#8730
2025-09-16 22:37:19 | [INFO]    | Launching shard 0 (1 out of 1)...
2025-09-16 22:37:20 | [INFO]    | Shard 0 : Connected to wss://gateway.discord.gg
2025-09-16 22:37:20 | [INFO]    | Shard 0 : Received HELLO
2025-09-16 22:37:20 | [INFO]    | Shard 0 : Received READY
2025-09-16 22:39:33 | [INFO]    | Discordia 2.13.1
2025-09-16 22:39:33 | [INFO]    | Connecting to Discord...
2025-09-16 22:39:33 | [INFO]    | Authenticated as RefreshingMemory#8730
2025-09-16 22:39:33 | [INFO]    | Launching shard 0 (1 out of 1)...
2025-09-16 22:39:33 | [INFO]    | Shard 0 : Connected to wss://gateway.discord.gg
2025-09-16 22:39:33 | [INFO]    | Shard 0 : Received HELLO
2025-09-16 22:39:34 | [INFO]    | Shard 0 : Received READY
2025-09-16 22:42:46 | [INFO]    | Discordia 2.13.1
2025-09-16 22:42:46 | [INFO]    | Connecting to Discord...
2025-09-16 22:42:47 | [INFO]    | Authenticated as RefreshingMemory#8730
2025-09-16 22:42:47 | [INFO]    | Launching shard 0 (1 out of 1)...
2025-09-16 22:42:47 | [INFO]    | Shard 0 : Connected to wss://gateway.discord.gg
2025-09-16 22:42:47 | [INFO]    | Shard 0 : Received HELLO
2025-09-16 22:42:47 | [INFO]    | Shard 0 : Received READY
2025-09-16 22:43:24 | [INFO]    | Discordia 2.13.1
2025-09-16 22:43:24 | [INFO]    | Connecting to Discord...
2025-09-16 22:43:24 | [INFO]    | Authenticated as RefreshingMemory#8730
2025-09-16 22:43:24 | [INFO]    | Launching shard 0 (1 out of 1)...
2025-09-16 22:43:24 | [INFO]    | Shard 0 : Connected to wss://gateway.discord.gg
2025-09-16 22:43:24 | [INFO]    | Shard 0 : Received HELLO
2025-09-16 22:43:25 | [INFO]    | Shard 0 : Received READY
2025-09-16 22:43:45 | [INFO]    | Discordia 2.13.1
2025-09-16 22:43:45 | [INFO]    | Connecting to Discord...
2025-09-16 22:43:45 | [INFO]    | Authenticated as RefreshingMemory#8730
2025-09-16 22:43:45 | [INFO]    | Launching shard 0 (1 out of 1)...
2025-09-16 22:43:45 | [INFO]    | Shard 0 : Connected to wss://gateway.discord.gg
2025-09-16 22:43:45 | [INFO]    | Shard 0 : Received HELLO
2025-09-16 22:43:46 | [INFO]    | Shard 0 : Received READY
2025-09-16 22:46:09 | [INFO]    | Discordia 2.13.1
2025-09-16 22:46:09 | [INFO]    | Connecting to Discord...
2025-09-16 22:46:10 | [INFO]    | Authenticated as RefreshingMemory#8730
2025-09-16 22:46:10 | [INFO]    | Launching shard 0 (1 out of 1)...
2025-09-16 22:46:10 | [INFO]    | Shard 0 : Connected to wss://gateway.discord.gg
2025-09-16 22:46:10 | [INFO]    | Shard 0 : Received HELLO
2025-09-16 22:46:10 | [INFO]    | Shard 0 : Received READY
2025-09-16 22:46:40 | [INFO]    | Discordia 2.13.1
2025-09-16 22:46:40 | [INFO]    | Connecting to Discord...
2025-09-16 22:46:41 | [INFO]    | Authenticated as RefreshingMemory#8730
2025-09-16 22:46:41 | [INFO]    | Launching shard 0 (1 out of 1)...
2025-09-16 22:46:41 | [INFO]    | Shard 0 : Connected to wss://gateway.discord.gg
2025-09-16 22:46:41 | [INFO]    | Shard 0 : Received HELLO
2025-09-16 22:46:41 | [INFO]    | Shard 0 : Received READY
2025-09-16 22:47:46 | [INFO]    | Discordia 2.13.1
2025-09-16 22:47:46 | [INFO]    | Connecting to Discord...
2025-09-16 22:47:47 | [INFO]    | Authenticated as RefreshingMemory#8730
2025-09-16 22:47:47 | [INFO]    | Launching shard 0 (1 out of 1)...
2025-09-16 22:47:47 | [INFO]    | Shard 0 : Connected to wss://gateway.discord.gg
2025-09-16 22:47:47 | [INFO]    | Shard 0 : Received HELLO
2025-09-16 22:47:47 | [INFO]    | Shard 0 : Received READY
2025-09-16 22:50:48 | [INFO]    | Discordia 2.13.1
2025-09-16 22:50:48 | [INFO]    | Connecting to Discord...
2025-09-16 22:50:48 | [INFO]    | Authenticated as RefreshingMemory#8730
2025-09-16 22:50:48 | [INFO]    | Launching shard 0 (1 out of 1)...
2025-09-16 22:50:49 | [INFO]    | Shard 0 : Connected to wss://gateway.discord.gg
2025-09-16 22:50:49 | [INFO]    | Shard 0 : Received HELLO
2025-09-16 22:50:49 | [INFO]    | Shard 0 : Received READY
2025-09-16 22:52:12 | [INFO]    | Discordia 2.13.1
2025-09-16 22:52:12 | [INFO]    | Connecting to Discord...
2025-09-16 22:52:13 | [INFO]    | Authenticated as RefreshingMemory#8730
2025-09-16 22:52:13 | [INFO]    | Launching shard 0 (1 out of 1)...
2025-09-16 22:52:13 | [INFO]    | Shard 0 : Connected to wss://gateway.discord.gg
2025-09-16 22:52:13 | [INFO]    | Shard 0 : Received HELLO
2025-09-16 22:52:13 | [INFO]    | Shard 0 : Received READY
2025-09-16 22:52:17 | [ERROR]   | 400 - Bad Request : POST https://discord.com/api/v8/interactions/1417614088766488586/aW50ZXJhY3Rpb246MTQxNzYxNDA4ODc2NjQ4ODU4NjprYVlJVDdOTVNxaUc4eFp5Qk1ndzZSNnc3NXhMSnhuNUthNnd1alBmbklvQXBwZjVvOFpERWwzNTh0ek1Td2xXdFBaUHNLUDNsTDVBU2tHN3huQnh6bllYMzA5Nk5lUkZJbkt6MVRUOFpQNHM1WXBqcWlFc3RKbjVCdGJtMDdSWg/callback?with%5Fresponse=true
2025-09-16 22:54:04 | [INFO]    | Discordia 2.13.1
2025-09-16 22:54:04 | [INFO]    | Connecting to Discord...
2025-09-16 22:54:04 | [INFO]    | Authenticated as RefreshingMemory#8730
2025-09-16 22:54:04 | [INFO]    | Launching shard 0 (1 out of 1)...
2025-09-16 22:54:04 | [INFO]    | Shard 0 : Connected to wss://gateway.discord.gg
2025-09-16 22:54:04 | [INFO]    | Shard 0 : Received HELLO
2025-09-16 22:54:04 | [INFO]    | Shard 0 : Received READY
2025-09-16 22:54:09 | [ERROR]   | 400 - Bad Request : POST https://discord.com/api/v8/interactions/1417614561913340027/aW50ZXJhY3Rpb246MTQxNzYxNDU2MTkxMzM0MDAyNzowYVNrb0RsN1hCME1yZnFOWUlaYXpzUVV0OWN6akJERndCWmtFa0QxQjhLY0I0MkR5czRET0JDTDh3MGxvTkdPRGFBa1Z3czlEUzRiTm9qVXRNalNuTk9QS2EzZUlUU2hLZ0hxbW5TekVkR2Q4a0xXcXp5bERzYWlPbHFpS1JMYQ/callback?with%5Fresponse=true
2025-09-16 22:54:14 | [ERROR]   | 400 - Bad Request : POST https://discord.com/api/v8/interactions/1417614582406451362/aW50ZXJhY3Rpb246MTQxNzYxNDU4MjQwNjQ1MTM2Mjp1ck5KUHFTbW1NNE5yYWZ0OHprNUt6MzVid2VCMENmaFF5aW5pRGt1MjBLOWpheDE4ZzVkTWluNnYxV3M4UDA5cmQ1aUJiYjBSREREQ3djNkk3S01IRHFoeUpxRFFpcFBkTVd6Q1NUak43UGlpSjFFa2JlMVVuYWRFb1BRMzJxYQ/callback?with%5Fresponse=true
2025-09-16 22:54:31 | [INFO]    | Discordia 2.13.1
2025-09-16 22:54:31 | [INFO]    | Connecting to Discord...
2025-09-16 22:54:31 | [INFO]    | Authenticated as RefreshingMemory#8730
2025-09-16 22:54:31 | [INFO]    | Launching shard 0 (1 out of 1)...
2025-09-16 22:54:31 | [INFO]    | Shard 0 : Connected to wss://gateway.discord.gg
2025-09-16 22:54:31 | [INFO]    | Shard 0 : Received HELLO
2025-09-16 22:54:31 | [INFO]    | Shard 0 : Received READY
2025-09-16 22:57:56 | [ERROR]   | 400 - Bad Request : POST https://discord.com/api/v8/interactions/1417615509997883443/aW50ZXJhY3Rpb246MTQxNzYxNTUwOTk5Nzg4MzQ0MzpNTFRUNTVvM3VSbWRBY1A4am5nS3NncGxmMEpEWUdMVW1xSlhJS2lFdlIxWTBtZW1TWmJkc3Izd0Q5UmppUWZtQTB6Y2hFQ3c4R09QRnNiRTdEbjFwT1JYY3RvQ2RLVmFXbkw1NkNWWXdLYVhnckJQakJxakFXRjdIM0tMeUNIOQ/callback?with%5Fresponse=true
2025-09-16 22:58:00 | [INFO]    | Discordia 2.13.1
2025-09-16 22:58:00 | [INFO]    | Connecting to Discord...
2025-09-16 22:58:01 | [INFO]    | Authenticated as RefreshingMemory#8730
2025-09-16 22:58:01 | [INFO]    | Launching shard 0 (1 out of 1)...
2025-09-16 22:58:01 | [INFO]    | Shard 0 : Connected to wss://gateway.discord.gg
2025-09-16 22:58:01 | [INFO]    | Shard 0 : Received HELLO
2025-09-16 22:58:01 | [INFO]    | Shard 0 : Received READY
2025-09-16 22:58:08 | [INFO]    | Discordia 2.13.1
2025-09-16 22:58:08 | [INFO]    | Connecting to Discord...
2025-09-16 22:58:09 | [INFO]    | Authenticated as RefreshingMemory#8730
2025-09-16 22:58:09 | [INFO]    | Launching shard 0 (1 out of 1)...
2025-09-16 22:58:09 | [INFO]    | Shard 0 : Connected to wss://gateway.discord.gg
2025-09-16 22:58:09 | [INFO]    | Shard 0 : Received HELLO
2025-09-16 22:58:10 | [INFO]    | Shard 0 : Received READY
2025-09-16 22:58:13 | [ERROR]   | 400 - Bad Request : POST https://discord.com/api/v8/interactions/1417615583855509535/aW50ZXJhY3Rpb246MTQxNzYxNTU4Mzg1NTUwOTUzNTp2dlNuZFZJd254dGpLNUlyUmdOV1B6eWZNUXpkYVkzOWtJZXVzdGFsQ0RueGFJbGZDSGx1U2RaNXh3Nm5MeWo3dW9aeUNlZGl2Q0Jjb09RdHMzd3p0YUhnaUlNTnkzb3NFM0ozVmMzaDF4TzdESGlCcldUQmI0akp3Z3pxanNLUg/callback?with%5Fresponse=true
2025-09-16 22:58:49 | [INFO]    | Discordia 2.13.1
2025-09-16 22:58:49 | [INFO]    | Connecting to Discord...
2025-09-16 22:58:50 | [INFO]    | Authenticated as RefreshingMemory#8730
2025-09-16 22:58:50 | [INFO]    | Launching shard 0 (1 out of 1)...
2025-09-16 22:58:50 | [INFO]    | Shard 0 : Connected to wss://gateway.discord.gg
2025-09-16 22:58:50 | [INFO]    | Shard 0 : Received HELLO
2025-09-16 22:58:51 | [INFO]    | Discordia 2.13.1
2025-09-16 22:58:51 | [INFO]    | Connecting to Discord...
2025-09-16 22:58:51 | [INFO]    | Authenticated as RefreshingMemory#8730
2025-09-16 22:58:51 | [INFO]    | Launching shard 0 (1 out of 1)...
2025-09-16 22:58:51 | [INFO]    | Shard 0 : Connected to wss://gateway.discord.gg
2025-09-16 22:58:51 | [INFO]    | Shard 0 : Received HELLO
2025-09-16 22:58:51 | [INFO]    | Shard 0 : Received READY
2025-09-16 22:58:55 | [ERROR]   | 400 - Bad Request : POST https://discord.com/api/v8/interactions/1417615760947281952/aW50ZXJhY3Rpb246MTQxNzYxNTc2MDk0NzI4MTk1Mjo2UFRyYlBuWVNLbFY2RjRLUFJtV2Y1cVhHejd5ZWpyM2NmaFRpeDNjVklCYjl5N3hobWE0bmdZck5FcXYwSGZ3ZkRPa1JxZVBlZmhMVGRvSno1UzEwbEk2aEZ2WE1KNnk4RXJqdTdNc2dVRkJreTZrU0c1dUhuanpHSHZYZnQ5dw/callback?with%5Fresponse=true
2025-09-16 23:00:08 | [INFO]    | Discordia 2.13.1
2025-09-16 23:00:08 | [INFO]    | Connecting to Discord...
2025-09-16 23:00:09 | [INFO]    | Authenticated as RefreshingMemory#8730
2025-09-16 23:00:09 | [INFO]    | Launching shard 0 (1 out of 1)...
2025-09-16 23:00:09 | [INFO]    | Shard 0 : Connected to wss://gateway.discord.gg
2025-09-16 23:00:09 | [INFO]    | Shard 0 : Received HELLO
2025-09-16 23:00:09 | [INFO]    | Shard 0 : Received READY
2025-09-16 23:00:13 | [ERROR]   | 400 - Bad Request : POST https://discord.com/api/v8/interactions/1417616085460582420/aW50ZXJhY3Rpb246MTQxNzYxNjA4NTQ2MDU4MjQyMDoxT0FQMjRXR0JqMVhwZDQ2Ukl3dURwZFRTbVExMDRXYXdKcExiYmRsdWtCdVFpYlR1aWpUbWh5c3BOTEtJTGdWckNKeGF1MHNNa01xZjVHUEJQSlI1bUpURTZSanRnNms5Y01pSFhrcWxlVHdOUlJGeUMyOEk2cXJoMEUwTU1MUQ/callback?with%5Fresponse=true
2025-09-16 23:00:42 | [INFO]    | Discordia 2.13.1
2025-09-16 23:00:42 | [INFO]    | Connecting to Discord...
2025-09-16 23:00:42 | [INFO]    | Authenticated as RefreshingMemory#8730
2025-09-16 23:00:42 | [INFO]    | Launching shard 0 (1 out of 1)...
2025-09-16 23:00:42 | [INFO]    | Shard 0 : Connected to wss://gateway.discord.gg
2025-09-16 23:00:42 | [INFO]    | Shard 0 : Received HELLO
2025-09-16 23:00:43 | [INFO]    | Shard 0 : Received READY
2025-09-16 23:00:46 | [ERROR]   | 400 - Bad Request : POST https://discord.com/api/v8/interactions/1417616224963137661/aW50ZXJhY3Rpb246MTQxNzYxNjIyNDk2MzEzNzY2MTpKOUozdXpIcENuRGV2Rm55ZmsxdWFCMmhNcXI0bEE0RmNEcVdsSFNYU0NVc3JTNEtqSkpjZmI1N1p4WkhmWk5CMjVCUDhRQ0g2VDBnSzB5WDAwRmh4SkdqN2VRNVRLTVNaZUlJM081bWgyaHc4WnlnWGVPajZyY3d4RjlJVGFVQQ/callback?with%5Fresponse=true
2025-09-16 23:01:39 | [INFO]    | Discordia 2.13.1
2025-09-16 23:01:39 | [INFO]    | Connecting to Discord...
2025-09-16 23:01:39 | [INFO]    | Authenticated as RefreshingMemory#8730
2025-09-16 23:01:39 | [INFO]    | Launching shard 0 (1 out of 1)...
2025-09-16 23:01:39 | [INFO]    | Shard 0 : Connected to wss://gateway.discord.gg
2025-09-16 23:01:39 | [INFO]    | Shard 0 : Received HELLO
2025-09-16 23:01:39 | [INFO]    | Shard 0 : Received READY
2025-09-16 23:01:43 | [ERROR]   | 400 - Bad Request : POST https://discord.com/api/v8/interactions/1417616464382267402/aW50ZXJhY3Rpb246MTQxNzYxNjQ2NDM4MjI2NzQwMjpVOGhxbGhFVHRkQzROQ2xqZU14ZkRYNW4wZlpHaWNrbGxrSzFUck9UQzNOdWZaRWZFVE5jbmFVaFBPMkhacnkybXBQWWFsbjJVem5aaTZzS3lROU5RdWFDejdGc3d4c21lejBERXdjWUlVSWhjY0ZzNFV2UzFkRmJTNUFobmFzZQ/callback?with%5Fresponse=true
2025-09-16 23:08:39 | [INFO]    | Discordia 2.13.1
2025-09-16 23:08:39 | [INFO]    | Connecting to Discord...
2025-09-16 23:08:39 | [INFO]    | Authenticated as RefreshingMemory#8730
2025-09-16 23:08:39 | [INFO]    | Launching shard 0 (1 out of 1)...
2025-09-16 23:08:39 | [INFO]    | Shard 0 : Connected to wss://gateway.discord.gg
2025-09-16 23:08:39 | [INFO]    | Shard 0 : Received HELLO
2025-09-16 23:08:40 | [INFO]    | Shard 0 : Received READY
2025-09-16 23:08:43 | [ERROR]   | 400 - Bad Request : POST https://discord.com/api/v8/channels/1410649259614802122/messages
2025-09-16 23:08:43 | [ERROR]   | onComp | No message was provided
2025-09-16 23:09:10 | [INFO]    | Discordia 2.13.1
2025-09-16 23:09:10 | [INFO]    | Connecting to Discord...
2025-09-16 23:09:10 | [INFO]    | Authenticated as RefreshingMemory#8730
2025-09-16 23:09:10 | [INFO]    | Launching shard 0 (1 out of 1)...
2025-09-16 23:09:10 | [INFO]    | Shard 0 : Connected to wss://gateway.discord.gg
2025-09-16 23:09:10 | [INFO]    | Shard 0 : Received HELLO
2025-09-16 23:09:10 | [INFO]    | Shard 0 : Received READY
2025-09-16 23:09:15 | [ERROR]   | 400 - Bad Request : POST https://discord.com/api/v8/channels/1410649259614802122/messages
2025-09-16 23:09:15 | [ERROR]   | onComp | No message was provided
2025-09-16 23:09:46 | [INFO]    | Discordia 2.13.1
2025-09-16 23:09:46 | [INFO]    | Connecting to Discord...
2025-09-16 23:09:46 | [INFO]    | Authenticated as RefreshingMemory#8730
2025-09-16 23:09:46 | [INFO]    | Launching shard 0 (1 out of 1)...
2025-09-16 23:09:46 | [INFO]    | Shard 0 : Connected to wss://gateway.discord.gg
2025-09-16 23:09:46 | [INFO]    | Shard 0 : Received HELLO
2025-09-16 23:09:46 | [INFO]    | Shard 0 : Received READY
2025-09-16 23:09:59 | [INFO]    | Discordia 2.13.1
2025-09-16 23:09:59 | [INFO]    | Connecting to Discord...
2025-09-16 23:09:59 | [INFO]    | Authenticated as RefreshingMemory#8730
2025-09-16 23:09:59 | [INFO]    | Launching shard 0 (1 out of 1)...
2025-09-16 23:10:00 | [INFO]    | Shard 0 : Connected to wss://gateway.discord.gg
2025-09-16 23:10:00 | [INFO]    | Shard 0 : Received HELLO
2025-09-16 23:10:00 | [INFO]    | Shard 0 : Received READY
2025-09-16 23:10:05 | [ERROR]   | 400 - Bad Request : POST https://discord.com/api/v8/interactions/1417618567880245410/aW50ZXJhY3Rpb246MTQxNzYxODU2Nzg4MDI0NTQxMDpNM2luZjVIbDlueGFKS0JQYkJER3BzWldQVHNxdFZrYnY3S3h6WEZoc2pXazUwNzdyVmRZQmVEUjdiUGdNZW5QZTduNW8zT3lYZUh0TTdXYUtKTEVIT0ZpaGt6SzRta25VRmF2NWxzR2s2WXdrbkdLRVhZWEZpYmZpRDFYVEluTQ/callback?with%5Fresponse=true
2025-09-16 23:10:05 | [ERROR]   | onComp | No message was provided
2025-09-16 23:11:37 | [INFO]    | Discordia 2.13.1
2025-09-16 23:11:37 | [INFO]    | Connecting to Discord...
2025-09-16 23:11:37 | [INFO]    | Authenticated as RefreshingMemory#8730
2025-09-16 23:11:37 | [INFO]    | Launching shard 0 (1 out of 1)...
2025-09-16 23:11:37 | [INFO]    | Shard 0 : Connected to wss://gateway.discord.gg
2025-09-16 23:11:37 | [INFO]    | Shard 0 : Received HELLO
2025-09-16 23:11:38 | [INFO]    | Shard 0 : Received READY
2025-09-16 23:11:52 | [INFO]    | Discordia 2.13.1
2025-09-16 23:11:52 | [INFO]    | Connecting to Discord...
2025-09-16 23:11:53 | [INFO]    | Authenticated as RefreshingMemory#8730
2025-09-16 23:11:53 | [INFO]    | Launching shard 0 (1 out of 1)...
2025-09-16 23:11:53 | [INFO]    | Shard 0 : Connected to wss://gateway.discord.gg
2025-09-16 23:11:53 | [INFO]    | Shard 0 : Received HELLO
2025-09-16 23:11:53 | [INFO]    | Shard 0 : Received READY
2025-09-16 23:11:58 | [ERROR]   | 400 - Bad Request : POST https://discord.com/api/v8/interactions/1417619043313123399/aW50ZXJhY3Rpb246MTQxNzYxOTA0MzMxMzEyMzM5OTpUempnZGVoWWNPN2dPR2xpUmtVcE9jYXFwelJ3TGtZaVhtaFFRaHFjTDd3dk5PTnVZbG1abFMzOEVYZjVGdnFDcEFPNEhqSlRSWEczSEEzR0lnRDBOVE5LTExoV0t4U0x4VEh5VHFrdGNJNEZGUVBGM284S0JFYWpYUmw3Wlozag/callback?with%5Fresponse=true
2025-09-16 23:11:58 | [ERROR]   | onComp | No message was provided
2025-09-16 23:12:08 | [INFO]    | Discordia 2.13.1
2025-09-16 23:12:08 | [INFO]    | Connecting to Discord...
2025-09-16 23:12:08 | [INFO]    | Authenticated as RefreshingMemory#8730
2025-09-16 23:12:08 | [INFO]    | Launching shard 0 (1 out of 1)...
2025-09-16 23:12:09 | [INFO]    | Shard 0 : Connected to wss://gateway.discord.gg
2025-09-16 23:12:09 | [INFO]    | Shard 0 : Received HELLO
2025-09-16 23:12:09 | [INFO]    | Shard 0 : Received READY
2025-09-16 23:12:14 | [ERROR]   | 400 - Bad Request : POST https://discord.com/api/v8/interactions/1417619110321455144/aW50ZXJhY3Rpb246MTQxNzYxOTExMDMyMTQ1NTE0NDpIQmZYSkw4RTJKOURGYWhDa2Z0TlZVeUFYTGJYdVl2S3JDMGY2WnI2UnZ1ZW1TZG81TUJZeUNkUXJDS0Y5bzZqSk5KVGp6cmJpR0lBdmVTd3J6RUF2Qmk1bzdmWXVsZjFSbVVGc3JYdnhqSmlqcENJUklpT3dlYzgxblhjVUlxNQ/callback?with%5Fresponse=true
2025-09-16 23:12:14 | [ERROR]   | onComp | No message was provided
2025-09-16 23:13:23 | [INFO]    | Discordia 2.13.1
2025-09-16 23:13:23 | [INFO]    | Connecting to Discord...
2025-09-16 23:13:23 | [INFO]    | Authenticated as RefreshingMemory#8730
2025-09-16 23:13:23 | [INFO]    | Launching shard 0 (1 out of 1)...
2025-09-16 23:13:24 | [INFO]    | Shard 0 : Connected to wss://gateway.discord.gg
2025-09-16 23:13:24 | [INFO]    | Shard 0 : Received HELLO
2025-09-16 23:13:24 | [INFO]    | Shard 0 : Received READY
2025-09-16 23:13:44 | [INFO]    | Discordia 2.13.1
2025-09-16 23:13:44 | [INFO]    | Connecting to Discord...
2025-09-16 23:13:45 | [INFO]    | Authenticated as RefreshingMemory#8730
2025-09-16 23:13:45 | [INFO]    | Launching shard 0 (1 out of 1)...
2025-09-16 23:13:45 | [INFO]    | Shard 0 : Connected to wss://gateway.discord.gg
2025-09-16 23:13:45 | [INFO]    | Shard 0 : Received HELLO
2025-09-16 23:13:45 | [INFO]    | Shard 0 : Received READY
2025-09-16 23:14:08 | [INFO]    | Discordia 2.13.1
2025-09-16 23:14:08 | [INFO]    | Connecting to Discord...
2025-09-16 23:14:08 | [INFO]    | Authenticated as RefreshingMemory#8730
2025-09-16 23:14:08 | [INFO]    | Launching shard 0 (1 out of 1)...
2025-09-16 23:14:09 | [INFO]    | Shard 0 : Connected to wss://gateway.discord.gg
2025-09-16 23:14:09 | [INFO]    | Shard 0 : Received HELLO
2025-09-16 23:14:09 | [INFO]    | Shard 0 : Received READY
2025-09-16 23:14:14 | [ERROR]   | 400 - Bad Request : POST https://discord.com/api/v8/interactions/1417619611549171732/aW50ZXJhY3Rpb246MTQxNzYxOTYxMTU0OTE3MTczMjpKYTlwbUdyYVU2ZEs1eWtkVTN5VmtmSGNmOXplMm1qdzZUMUI3QTZpZ09aMVVBUGNzVWxMaFJIZTdmaDQ3RVhJRDV5b2hvQnBsd3FlalA0RE9VV2ZRNVl3TXFSaWNodHdKMWxUOWdNbkcyYVB4M29selBDbVJXaHdETlY1ZXNGeg/callback?with%5Fresponse=true
2025-09-16 23:15:40 | [INFO]    | Discordia 2.13.1
2025-09-16 23:15:40 | [INFO]    | Connecting to Discord...
2025-09-16 23:15:41 | [INFO]    | Authenticated as RefreshingMemory#8730
2025-09-16 23:15:41 | [INFO]    | Launching shard 0 (1 out of 1)...
2025-09-16 23:15:41 | [INFO]    | Shard 0 : Connected to wss://gateway.discord.gg
2025-09-16 23:15:41 | [INFO]    | Shard 0 : Received HELLO
2025-09-16 23:15:41 | [INFO]    | Shard 0 : Received READY
2025-09-16 23:16:02 | [INFO]    | Discordia 2.13.1
2025-09-16 23:16:02 | [INFO]    | Connecting to Discord...
2025-09-16 23:16:02 | [INFO]    | Authenticated as RefreshingMemory#8730
2025-09-16 23:16:02 | [INFO]    | Launching shard 0 (1 out of 1)...
2025-09-16 23:16:02 | [INFO]    | Shard 0 : Connected to wss://gateway.discord.gg
2025-09-16 23:16:02 | [INFO]    | Shard 0 : Received HELLO
2025-09-16 23:16:03 | [INFO]    | Shard 0 : Received READY
2025-09-16 23:16:21 | [INFO]    | Discordia 2.13.1
2025-09-16 23:16:21 | [INFO]    | Connecting to Discord...
2025-09-16 23:16:22 | [INFO]    | Authenticated as RefreshingMemory#8730
2025-09-16 23:16:22 | [INFO]    | Launching shard 0 (1 out of 1)...
2025-09-16 23:16:22 | [INFO]    | Shard 0 : Connected to wss://gateway.discord.gg
2025-09-16 23:16:22 | [INFO]    | Shard 0 : Received HELLO
2025-09-16 23:16:22 | [INFO]    | Shard 0 : Received READY
2025-09-16 23:16:40 | [INFO]    | Discordia 2.13.1
2025-09-16 23:16:40 | [INFO]    | Connecting to Discord...
2025-09-16 23:16:41 | [INFO]    | Authenticated as RefreshingMemory#8730
2025-09-16 23:16:41 | [INFO]    | Launching shard 0 (1 out of 1)...
2025-09-16 23:16:41 | [INFO]    | Shard 0 : Connected to wss://gateway.discord.gg
2025-09-16 23:16:41 | [INFO]    | Shard 0 : Received HELLO
2025-09-16 23:16:41 | [INFO]    | Shard 0 : Received READY
2025-09-16 23:16:45 | [ERROR]   | 400 - Bad Request : POST https://discord.com/api/v8/interactions/1417620247028174888/aW50ZXJhY3Rpb246MTQxNzYyMDI0NzAyODE3NDg4ODpwaU14R3RlckIwM3ZVUmhSR1JyQTlxTmtXMlF4dThrTzBEcEY5MGFZRTlmOGE3NW1tVDFUb2hJN3lPVGFOVGlLSGtEQ0ZKRTVlYUFYaE9vc0l5Z09OMmEybGtsQTJNeVRFeEl4b1BoOXQ4NzJCbDg0dDJvb0dtVWdzd2RxODVCOA/callback?with%5Fresponse=true
2025-09-16 23:19:01 | [INFO]    | Discordia 2.13.1
2025-09-16 23:19:01 | [INFO]    | Connecting to Discord...
2025-09-16 23:19:01 | [INFO]    | Authenticated as RefreshingMemory#8730
2025-09-16 23:19:01 | [INFO]    | Launching shard 0 (1 out of 1)...
2025-09-16 23:19:01 | [INFO]    | Shard 0 : Connected to wss://gateway.discord.gg
2025-09-16 23:19:01 | [INFO]    | Shard 0 : Received HELLO
2025-09-16 23:19:01 | [INFO]    | Shard 0 : Received READY
2025-09-16 23:19:19 | [INFO]    | Discordia 2.13.1
2025-09-16 23:19:19 | [INFO]    | Connecting to Discord...
2025-09-16 23:19:19 | [INFO]    | Authenticated as RefreshingMemory#8730
2025-09-16 23:19:19 | [INFO]    | Launching shard 0 (1 out of 1)...
2025-09-16 23:19:19 | [INFO]    | Shard 0 : Connected to wss://gateway.discord.gg
2025-09-16 23:19:19 | [INFO]    | Shard 0 : Received HELLO
2025-09-16 23:19:20 | [INFO]    | Shard 0 : Received READY
2025-09-16 23:19:58 | [INFO]    | Discordia 2.13.1
2025-09-16 23:19:58 | [INFO]    | Connecting to Discord...
2025-09-16 23:19:59 | [INFO]    | Authenticated as RefreshingMemory#8730
2025-09-16 23:19:59 | [INFO]    | Launching shard 0 (1 out of 1)...
2025-09-16 23:19:59 | [INFO]    | Shard 0 : Connected to wss://gateway.discord.gg
2025-09-16 23:19:59 | [INFO]    | Shard 0 : Received HELLO
2025-09-16 23:19:59 | [INFO]    | Shard 0 : Received READY
2025-09-16 23:20:40 | [INFO]    | Discordia 2.13.1
2025-09-16 23:20:40 | [INFO]    | Connecting to Discord...
2025-09-16 23:20:41 | [INFO]    | Authenticated as RefreshingMemory#8730
2025-09-16 23:20:41 | [INFO]    | Launching shard 0 (1 out of 1)...
2025-09-16 23:20:41 | [INFO]    | Shard 0 : Connected to wss://gateway.discord.gg
2025-09-16 23:20:41 | [INFO]    | Shard 0 : Received HELLO
2025-09-16 23:20:41 | [INFO]    | Shard 0 : Received READY
2025-09-16 23:20:46 | [ERROR]   | 400 - Bad Request : POST https://discord.com/api/v8/interactions/1417621257566031922/aW50ZXJhY3Rpb246MTQxNzYyMTI1NzU2NjAzMTkyMjpxNHIxMW50NmE2Zkl4eFl2Uzh2NUd3TGRGSnhpUm0ydEdRbFB6ZDl5UzBBak54MFJWbENOdmY1eFNWM0RqSjdNVlFLNFNRcFhIUDZRaWtzNlppU3VLMGhYOGZPQ29ydGY5QTRaMFdYNFhoZ3RjYkR0Y0ozc3lHYmVORmYyUG56OA/callback?with%5Fresponse=true
2025-09-16 23:21:00 | [INFO]    | Discordia 2.13.1
2025-09-16 23:21:00 | [INFO]    | Connecting to Discord...
2025-09-16 23:21:00 | [INFO]    | Authenticated as RefreshingMemory#8730
2025-09-16 23:21:00 | [INFO]    | Launching shard 0 (1 out of 1)...
2025-09-16 23:21:00 | [INFO]    | Shard 0 : Connected to wss://gateway.discord.gg
2025-09-16 23:21:00 | [INFO]    | Shard 0 : Received HELLO
2025-09-16 23:21:01 | [INFO]    | Shard 0 : Received READY
2025-09-16 23:21:05 | [ERROR]   | 400 - Bad Request : POST https://discord.com/api/v8/interactions/1417621336800493648/aW50ZXJhY3Rpb246MTQxNzYyMTMzNjgwMDQ5MzY0ODoxWlNHU0sxbFA1TGMyZGh0MkJGOGtzMVJvWUl6WnZEYXBHVHk4VVJweUQ2SE0wQ0RaYkt3Z3k4dW1hRXBpMUQ1Zm1rWm1PNVVhaGtTelpzR09aOGN1MVFueG44NmlTYVJSS0ZTdzlhdE8zbEFuSjNhSVlsQlhXVEZrU1FRbWZFTg/callback?with%5Fresponse=true
2025-09-16 23:21:11 | [INFO]    | Discordia 2.13.1
2025-09-16 23:21:11 | [INFO]    | Connecting to Discord...
2025-09-16 23:21:12 | [INFO]    | Authenticated as RefreshingMemory#8730
2025-09-16 23:21:12 | [INFO]    | Launching shard 0 (1 out of 1)...
2025-09-16 23:21:12 | [INFO]    | Shard 0 : Connected to wss://gateway.discord.gg
2025-09-16 23:21:12 | [INFO]    | Shard 0 : Received HELLO
2025-09-16 23:21:12 | [INFO]    | Shard 0 : Received READY
2025-09-16 23:21:15 | [ERROR]   | 400 - Bad Request : POST https://discord.com/api/v8/interactions/1417621381604180129/aW50ZXJhY3Rpb246MTQxNzYyMTM4MTYwNDE4MDEyOTo0em5RTFpaUUhIY0praTFrMHp3V2drV1ZXNjRIQnJHZUJtV3BQM0JBVUlWUHB2dU1YcG93ZHpaYVJaWXh6R0VrdXdvUG5IdDBVbHZ6MnNuclZlVGtzQzh4eVo3WTRZWlZySmcxMzhwUXoyekFhRXdRcklIREdqSGh4dWFNWnZPbA/callback?with%5Fresponse=true
2025-09-16 23:25:39 | [INFO]    | Discordia 2.13.1
2025-09-16 23:25:39 | [INFO]    | Connecting to Discord...
2025-09-16 23:25:39 | [INFO]    | Authenticated as RefreshingMemory#8730
2025-09-16 23:25:39 | [INFO]    | Launching shard 0 (1 out of 1)...
2025-09-16 23:25:39 | [INFO]    | Shard 0 : Connected to wss://gateway.discord.gg
2025-09-16 23:25:39 | [INFO]    | Shard 0 : Received HELLO
2025-09-16 23:25:39 | [INFO]    | Shard 0 : Received READY
2025-09-16 23:25:45 | [ERROR]   | 400 - Bad Request : POST https://discord.com/api/v8/interactions/1417622509926223984/aW50ZXJhY3Rpb246MTQxNzYyMjUwOTkyNjIyMzk4NDpFMFJiR1l3cHhVNUYwZHNJZGF1bkxwYnJHSUtuOWNhZWZ2WENWc3dRYWF3azV6QXdkRmNUaWViczdzY0JBcm9md05oRmFuaUx0dmU5M2ZBNzVYaFJ5MzNqb1M3RDNFR3JyZW5pTXVHNnBoek5ISjR0c2lva216czBrV0NQRXQzZg/callback?with%5Fresponse=true
2025-09-16 23:25:50 | [INFO]    | Discordia 2.13.1
2025-09-16 23:25:50 | [INFO]    | Connecting to Discord...
2025-09-16 23:25:52 | [INFO]    | Authenticated as RefreshingMemory#8730
2025-09-16 23:25:52 | [INFO]    | Launching shard 0 (1 out of 1)...
2025-09-16 23:25:52 | [INFO]    | Shard 0 : Connected to wss://gateway.discord.gg
2025-09-16 23:25:52 | [INFO]    | Shard 0 : Received HELLO
2025-09-16 23:25:52 | [INFO]    | Shard 0 : Received READY
2025-09-16 23:25:55 | [ERROR]   | 400 - Bad Request : POST https://discord.com/api/v8/interactions/1417622554796884048/aW50ZXJhY3Rpb246MTQxNzYyMjU1NDc5Njg4NDA0ODprMnZ3MTRkV3YzYnhNWTE2NXFGQXVsNm1YRmZFRktTNWJFaDU4WDVENlVoUHdkQkY4ZXhrZWdkWllldXJZcnpRTWsyMWxMQVNKWUFoTENqZlBic2VsZlRxdm96eUw1R3N4M1czakxvUHRpWFlyc0tVVGZldkdrRTFpWTI4ZGV2ag/callback?with%5Fresponse=true
2025-09-16 23:26:24 | [INFO]    | Discordia 2.13.1
2025-09-16 23:26:24 | [INFO]    | Connecting to Discord...
2025-09-16 23:26:25 | [INFO]    | Authenticated as RefreshingMemory#8730
2025-09-16 23:26:25 | [INFO]    | Launching shard 0 (1 out of 1)...
2025-09-16 23:26:25 | [INFO]    | Shard 0 : Connected to wss://gateway.discord.gg
2025-09-16 23:26:25 | [INFO]    | Shard 0 : Received HELLO
2025-09-16 23:26:25 | [INFO]    | Shard 0 : Received READY
2025-09-16 23:26:29 | [ERROR]   | 400 - Bad Request : POST https://discord.com/api/v8/interactions/1417622695046025216/aW50ZXJhY3Rpb246MTQxNzYyMjY5NTA0NjAyNTIxNjpRb2lWZURFOUJHUWRwU09iQlNSQURNMHE5VjBJYzEyZXl2Vmp4d09JZm1wUjZBeUdkR3F0VzBhZmR5OEFOeUx3RElTU1g3VEczZDl1YU9nTHRYbnBDWGdNV2FCanZCazJ6dDFXeGg0d2pwYTVYRTd4SHNIcjRVZmRNMmdxVU9KSQ/callback?with%5Fresponse=true
2025-09-16 23:26:41 | [INFO]    | Discordia 2.13.1
2025-09-16 23:26:41 | [INFO]    | Connecting to Discord...
2025-09-16 23:26:41 | [INFO]    | Authenticated as RefreshingMemory#8730
2025-09-16 23:26:41 | [INFO]    | Launching shard 0 (1 out of 1)...
2025-09-16 23:26:41 | [INFO]    | Shard 0 : Connected to wss://gateway.discord.gg
2025-09-16 23:26:41 | [INFO]    | Shard 0 : Received HELLO
2025-09-16 23:26:41 | [INFO]    | Shard 0 : Received READY
2025-09-16 23:26:45 | [ERROR]   | 400 - Bad Request : POST https://discord.com/api/v8/interactions/1417622764247847083/aW50ZXJhY3Rpb246MTQxNzYyMjc2NDI0Nzg0NzA4MzpvRDZOY0VVTHZxdGtzcVZZT2hUTlFzY3g0UW5mTmxPVENGUk1KNU1BYU1aQXNIWTFHRnNXa0JtRGtacTVNNGoyb25uTUJadkx5eDRlRUV1MzlGdFZYaEJCbGUwU2VuaUJwbVJIakphaFBvVEdMSjNEaHdyeTNrWDBWTzRhU1UwTw/callback?with%5Fresponse=true
2025-09-16 23:26:50 | [INFO]    | Discordia 2.13.1
2025-09-16 23:26:50 | [INFO]    | Connecting to Discord...
2025-09-16 23:26:50 | [INFO]    | Authenticated as RefreshingMemory#8730
2025-09-16 23:26:50 | [INFO]    | Launching shard 0 (1 out of 1)...
2025-09-16 23:26:50 | [INFO]    | Shard 0 : Connected to wss://gateway.discord.gg
2025-09-16 23:26:50 | [INFO]    | Shard 0 : Received HELLO
2025-09-16 23:26:50 | [INFO]    | Shard 0 : Received READY
2025-09-16 23:26:54 | [ERROR]   | 400 - Bad Request : POST https://discord.com/api/v8/interactions/1417622802718265425/aW50ZXJhY3Rpb246MTQxNzYyMjgwMjcxODI2NTQyNTpLN0Vrb2hOM0h1bW82ZlFQSDhqZHhseHNlR2JjRDFqdGoyclpnVHdtYWx3b1ZYWUZLRGREYW8zRVUyT3FjRDFpZE9iNFUxb0FETTUxMjRaVFB5NVJOMHlOaXJuaEtjYVRIZGgwZ05nbVByQUpOUk1vclY2c292Q1VHN1F2WEJhQg/callback?with%5Fresponse=true
2025-09-16 23:28:02 | [INFO]    | Discordia 2.13.1
2025-09-16 23:28:02 | [INFO]    | Connecting to Discord...
2025-09-16 23:28:02 | [INFO]    | Authenticated as RefreshingMemory#8730
2025-09-16 23:28:02 | [INFO]    | Launching shard 0 (1 out of 1)...
2025-09-16 23:28:02 | [INFO]    | Shard 0 : Connected to wss://gateway.discord.gg
2025-09-16 23:28:02 | [INFO]    | Shard 0 : Received HELLO
2025-09-16 23:28:03 | [INFO]    | Shard 0 : Received READY
2025-09-16 23:28:08 | [ERROR]   | 400 - Bad Request : POST https://discord.com/api/v8/interactions/1417623109686788247/aW50ZXJhY3Rpb246MTQxNzYyMzEwOTY4Njc4ODI0NzpQZGxsclpYcTV6NGMxcVFjeU5GdWpBcjA0Z0M0dmREZHpEdDh4eWJkbjJFZFN1bnUzNGV5SWY1clVYMFdiODhscW1ubGlqSEhuZllwcXR5NDJ6SFVQYWlhY2xlQjU0MWluVlJZUUNndmZuRjlta2kzZHRnQlJCbU1ySkVOUEJ3bQ/callback?with%5Fresponse=true
2025-09-16 23:28:25 | [INFO]    | Discordia 2.13.1
2025-09-16 23:28:25 | [INFO]    | Connecting to Discord...
2025-09-16 23:28:25 | [INFO]    | Authenticated as RefreshingMemory#8730
2025-09-16 23:28:25 | [INFO]    | Launching shard 0 (1 out of 1)...
2025-09-16 23:28:25 | [INFO]    | Shard 0 : Connected to wss://gateway.discord.gg
2025-09-16 23:28:25 | [INFO]    | Shard 0 : Received HELLO
2025-09-16 23:28:25 | [INFO]    | Shard 0 : Received READY
2025-09-16 23:28:29 | [ERROR]   | 400 - Bad Request : POST https://discord.com/api/v8/interactions/1417623201206501546/aW50ZXJhY3Rpb246MTQxNzYyMzIwMTIwNjUwMTU0Njp2eERnOGZOSWxJNXFTejBkemdXa2ZhSEZzU2lBZXg4Z3VWcGdISDlBeFdqMXZublVReUhDZ0dxZ0cwaklJc1hqWGlrQ0xscWdmUEYxSGFHOGpMZUR2a2Z4YWFoMnBwUUJhd0tYa1hDdW1iNG15eHdkcUM4MnM2RUg3Y1hMZU1kWQ/callback?with%5Fresponse=true
2025-09-16 23:29:17 | [INFO]    | Discordia 2.13.1
2025-09-16 23:29:17 | [INFO]    | Connecting to Discord...
2025-09-16 23:29:18 | [INFO]    | Authenticated as RefreshingMemory#8730
2025-09-16 23:29:18 | [INFO]    | Launching shard 0 (1 out of 1)...
2025-09-16 23:29:18 | [INFO]    | Shard 0 : Connected to wss://gateway.discord.gg
2025-09-16 23:29:18 | [INFO]    | Shard 0 : Received HELLO
2025-09-16 23:29:18 | [INFO]    | Shard 0 : Received READY
2025-09-16 23:29:21 | [ERROR]   | 400 - Bad Request : POST https://discord.com/api/v8/interactions/1417623419956236429/aW50ZXJhY3Rpb246MTQxNzYyMzQxOTk1NjIzNjQyOTpsNllMcFJaUDFYSzNvVVB0NWtVVHlVazNxWm1KWnU0Q1VLa0RqRlhWakdNUko3MWFRVVVreHhNODA1T2R2ZXB0YkVIMlpaa0VSMEhmR0FWRFo1MzRLTENsUEY3YUxmS1ZyQ3BMMHU4T1lnamk0VUxJNnZIRnVQem54QlB0NHp5TQ/callback?with%5Fresponse=true
2025-09-16 23:29:30 | [INFO]    | Discordia 2.13.1
2025-09-16 23:29:30 | [INFO]    | Connecting to Discord...
2025-09-16 23:29:30 | [INFO]    | Authenticated as RefreshingMemory#8730
2025-09-16 23:29:30 | [INFO]    | Launching shard 0 (1 out of 1)...
2025-09-16 23:29:30 | [INFO]    | Shard 0 : Connected to wss://gateway.discord.gg
2025-09-16 23:29:30 | [INFO]    | Shard 0 : Received HELLO
2025-09-16 23:29:30 | [INFO]    | Shard 0 : Received READY
2025-09-16 23:29:34 | [ERROR]   | 400 - Bad Request : POST https://discord.com/api/v8/interactions/1417623472292630589/aW50ZXJhY3Rpb246MTQxNzYyMzQ3MjI5MjYzMDU4OTo1RERYOEZnT1d3cVBYd2laUGNDQnczY1VjOElXeElYSldpT25pc21OODNxYzVUSGlZS2M1N2tTSFhEcXNGS3BNMHJtcnR4Rjd5bXpiM2tDbXRjb0NnSmNXWTNQWVNhS1BpOVNjaWwxMlhMNzByNTVuckZtcFJOcGdHSHhuSGk3Rg/callback?with%5Fresponse=true
2025-09-16 23:30:15 | [INFO]    | Discordia 2.13.1
2025-09-16 23:30:15 | [INFO]    | Connecting to Discord...
2025-09-16 23:30:15 | [INFO]    | Authenticated as RefreshingMemory#8730
2025-09-16 23:30:15 | [INFO]    | Launching shard 0 (1 out of 1)...
2025-09-16 23:30:15 | [INFO]    | Shard 0 : Connected to wss://gateway.discord.gg
2025-09-16 23:30:15 | [INFO]    | Shard 0 : Received HELLO
2025-09-16 23:30:16 | [INFO]    | Shard 0 : Received READY
2025-09-16 23:30:20 | [ERROR]   | 400 - Bad Request : POST https://discord.com/api/v8/interactions/1417623665683599501/aW50ZXJhY3Rpb246MTQxNzYyMzY2NTY4MzU5OTUwMTo5Y3h4QU1kTGpXNmp0MDI1TlkxR3FRV1Q2b0Nmb1BvMkw2cTFpWnVhaXZVczA0N1E1T1VOWTgzV3hWV243WThsTHI3aGdpTUZic0txdEVhc1lGTVlkMm9OVGZiMG5BYU92amU2bE9aSHpjVk40T01GRmh2RDFaQTVoVVA5MHY1Wg/callback?with%5Fresponse=true
2025-09-16 23:31:28 | [INFO]    | Discordia 2.13.1
2025-09-16 23:31:28 | [INFO]    | Connecting to Discord...
2025-09-16 23:31:28 | [INFO]    | Authenticated as RefreshingMemory#8730
2025-09-16 23:31:28 | [INFO]    | Launching shard 0 (1 out of 1)...
2025-09-16 23:31:28 | [INFO]    | Shard 0 : Connected to wss://gateway.discord.gg
2025-09-16 23:31:28 | [INFO]    | Shard 0 : Received HELLO
2025-09-16 23:31:28 | [INFO]    | Shard 0 : Received READY
2025-09-16 23:31:34 | [ERROR]   | 400 - Bad Request : POST https://discord.com/api/v8/interactions/1417623973889314977/aW50ZXJhY3Rpb246MTQxNzYyMzk3Mzg4OTMxNDk3NzpDOHdONkJEd1N0T1lYYkF5MFBZOXNqWEJrRE9tZmMxNUJSOUUzcXZFYkFzc05XSUNaTFA2UGRVOE5JRnhqRWZPaEZqR0x3dXFJa3pvS0FtRGVSdkQ4bkNnQlVBczRYSWYxT1ZpdHRHME56WWZ2V2JtWjQwQ2NocklIWHZ5cmVPNg/callback?with%5Fresponse=true
2025-09-16 23:32:54 | [INFO]    | Discordia 2.13.1
2025-09-16 23:32:54 | [INFO]    | Connecting to Discord...
2025-09-16 23:32:55 | [INFO]    | Authenticated as RefreshingMemory#8730
2025-09-16 23:32:55 | [INFO]    | Launching shard 0 (1 out of 1)...
2025-09-16 23:32:55 | [INFO]    | Shard 0 : Connected to wss://gateway.discord.gg
2025-09-16 23:32:55 | [INFO]    | Shard 0 : Received HELLO
2025-09-16 23:32:55 | [INFO]    | Shard 0 : Received READY
2025-09-16 23:33:03 | [ERROR]   | 400 - Bad Request : POST https://discord.com/api/v8/interactions/1417624348209975316/aW50ZXJhY3Rpb246MTQxNzYyNDM0ODIwOTk3NTMxNjpSeXV4UHpRdnNOZ1Q0OEZVMUdIYmhDWFQ4eXNNQk1wQWwzMUpLRk82WmNPN0paOWlUSVRVZEJuVk1pcGFLZDFpcldxU29OcU9aUms4UVFVRXhrUFhFb1hNQUtSUGw2cXlDMk1jTXV4eVB1bHF6Nkp1emNXY2VVeWx0OVkzUGs2NA/callback?with%5Fresponse=true
2025-09-16 23:36:35 | [INFO]    | Discordia 2.13.1
2025-09-16 23:36:35 | [INFO]    | Connecting to Discord...
2025-09-16 23:36:36 | [INFO]    | Authenticated as RefreshingMemory#8730
2025-09-16 23:36:36 | [INFO]    | Launching shard 0 (1 out of 1)...
2025-09-16 23:36:36 | [INFO]    | Shard 0 : Connected to wss://gateway.discord.gg
2025-09-16 23:36:36 | [INFO]    | Shard 0 : Received HELLO
2025-09-16 23:36:36 | [INFO]    | Shard 0 : Received READY
2025-09-16 23:36:41 | [ERROR]   | 400 - Bad Request : POST https://discord.com/api/v8/interactions/1417625263319023671/aW50ZXJhY3Rpb246MTQxNzYyNTI2MzMxOTAyMzY3MTpsRzdnOGNhbjVLTHA0WUJNOUtHZjN0U3BIVVZmeFZ0YWg5c25SVHdHdWF3azZtSDFSYlljUEpNY0MzaHR1SHVGQlhUS2JWS1NNOEVRd0JyQ1N5akRaZ3NDU1BEQXJWdFBqTktNRFZFZUhrQXo4MUZYOG03RjBvWG9uMU9IQzFsRQ/callback?with%5Fresponse=true
2025-09-16 23:36:53 | [INFO]    | Discordia 2.13.1
2025-09-16 23:36:53 | [INFO]    | Connecting to Discord...
2025-09-16 23:36:53 | [INFO]    | Authenticated as RefreshingMemory#8730
2025-09-16 23:36:53 | [INFO]    | Launching shard 0 (1 out of 1)...
2025-09-16 23:36:53 | [INFO]    | Shard 0 : Connected to wss://gateway.discord.gg
2025-09-16 23:36:53 | [INFO]    | Shard 0 : Received HELLO
2025-09-16 23:36:54 | [INFO]    | Shard 0 : Received READY
2025-09-16 23:36:57 | [ERROR]   | 400 - Bad Request : POST https://discord.com/api/v8/interactions/1417625331912671376/aW50ZXJhY3Rpb246MTQxNzYyNTMzMTkxMjY3MTM3Njp0MWVmWnV5Y3U5M2dKdzdod0xxdmJ1S2VYdktiZWZBdjlETEdNQmYzUzlnemdKYkoxRnBuUlRpNE12S1M1TVJ3aTlENVBKWFJjdnhOVDM0aDB3QVI1ckYyOVdpQ2RReGRFbkFCM1dYV3lrOGliam9Rb2JZQ3VocWEzSUY0MDNYQQ/callback?with%5Fresponse=true
2025-09-16 23:37:32 | [INFO]    | Discordia 2.13.1
2025-09-16 23:37:32 | [INFO]    | Connecting to Discord...
2025-09-16 23:37:33 | [INFO]    | Authenticated as RefreshingMemory#8730
2025-09-16 23:37:33 | [INFO]    | Launching shard 0 (1 out of 1)...
2025-09-16 23:37:33 | [INFO]    | Shard 0 : Connected to wss://gateway.discord.gg
2025-09-16 23:37:33 | [INFO]    | Shard 0 : Received HELLO
2025-09-16 23:37:33 | [INFO]    | Shard 0 : Received READY
2025-09-16 23:37:38 | [ERROR]   | 400 - Bad Request : POST https://discord.com/api/v8/interactions/1417625504009420850/aW50ZXJhY3Rpb246MTQxNzYyNTUwNDAwOTQyMDg1MDpXcndtM0dad2QzTXFRcmRjSDZuSHNySFZGN3lIejZ6andyUld4S2VMUWVQT25pNUg4WlJsenBLcE9zSHBlNWZnN0l6WUFtOWs0UXAwdDY1aTd2QTZybkV0UnI1UzVlRk5HZVdUa3FpTzBlektlV0t0VU0zaWVpeWhJR0MxMG0yUQ/callback?with%5Fresponse=true
2025-09-17 00:03:23 | [ERROR]   | 400 - Bad Request : POST https://discord.com/api/v8/interactions/1417631983760048158/aW50ZXJhY3Rpb246MTQxNzYzMTk4Mzc2MDA0ODE1ODpqamRDRlV2NVRRcWtUNXBVTG1tQXkzS0JOUEtjSVhQVDFxRDRJOFN5amo2S1FYTzZMRllDb0ZMZExlc1ZBZWVFNWE1VGtEYUxwMnNkRDcyT0ZBYmxaYk5NckpxQ01FcndxNzFqTGY4Wm92aWJWUDlxSkt4RGNpZFZzbmJwMGNZMA/callback?with%5Fresponse=true
2025-09-17 00:03:54 | [INFO]    | Discordia 2.13.1
2025-09-17 00:03:54 | [INFO]    | Connecting to Discord...
2025-09-17 00:03:54 | [INFO]    | Authenticated as RefreshingMemory#8730
2025-09-17 00:03:55 | [INFO]    | Launching shard 0 (1 out of 1)...
2025-09-17 00:03:55 | [INFO]    | Shard 0 : Connected to wss://gateway.discord.gg
2025-09-17 00:03:55 | [INFO]    | Shard 0 : Received HELLO
2025-09-17 00:03:55 | [INFO]    | Shard 0 : Received READY
2025-09-17 00:04:00 | [ERROR]   | 400 - Bad Request : POST https://discord.com/api/v8/interactions/1417632137498071050/aW50ZXJhY3Rpb246MTQxNzYzMjEzNzQ5ODA3MTA1MDo3bm1Kb3BvaEp6RG1ZMm5PZEdvV2tYOUpENkZQSXRkZ3F0TGVzRnlNQTFxekd3T3RyQnFpVzRtT0pQMmNTdHp2UW9ZRUdxa0ZxeHQ3UVltb0dZSmNBd0E5NGhsT1dnTTUzZmJhS1l3M0JnRHh0NTNzTVFSdHhBbUNSMnFXQVA2NA/callback?with%5Fresponse=true
2025-09-17 00:10:19 | [INFO]    | Discordia 2.13.1
2025-09-17 00:10:19 | [INFO]    | Connecting to Discord...
2025-09-17 00:10:20 | [INFO]    | Authenticated as RefreshingMemory#8730
2025-09-17 00:10:20 | [INFO]    | Launching shard 0 (1 out of 1)...
2025-09-17 00:10:20 | [INFO]    | Shard 0 : Connected to wss://gateway.discord.gg
2025-09-17 00:10:20 | [INFO]    | Shard 0 : Received HELLO
2025-09-17 00:10:20 | [INFO]    | Shard 0 : Received READY
2025-09-17 00:10:25 | [ERROR]   | 400 - Bad Request : POST https://discord.com/api/v8/interactions/1417633752401711205/aW50ZXJhY3Rpb246MTQxNzYzMzc1MjQwMTcxMTIwNTpxa3hLVzdScEx4SHFSNTJXU0lMbDB2QmJnb0NIaGJ6R29qS0llU2h6RmRtR1lEdHpJOTFiTDN4djhSeWNOZ0ozZjg1QjNXdUlMWHZlMVhPdmtiaXI2OEIzY2RwekQwNzZldGtQNjBFMlNMZ2dhNEo2bDE2WEJOTVFRcFVCMDNwMQ/callback?with%5Fresponse=true
2025-09-17 00:11:05 | [INFO]    | Discordia 2.13.1
2025-09-17 00:11:05 | [INFO]    | Connecting to Discord...
2025-09-17 00:11:06 | [INFO]    | Authenticated as RefreshingMemory#8730
2025-09-17 00:11:06 | [INFO]    | Launching shard 0 (1 out of 1)...
2025-09-17 00:11:06 | [INFO]    | Shard 0 : Connected to wss://gateway.discord.gg
2025-09-17 00:11:06 | [INFO]    | Shard 0 : Received HELLO
2025-09-17 00:11:06 | [INFO]    | Shard 0 : Received READY
2025-09-17 00:11:10 | [ERROR]   | 400 - Bad Request : POST https://discord.com/api/v8/interactions/1417633942290301071/aW50ZXJhY3Rpb246MTQxNzYzMzk0MjI5MDMwMTA3MTozV2lPZFZDYnQzbjhIMTcxUEhxWkVLUnBZSU5KTXo1QUlGQWZSdHR6clJ1SXhKVWlSRzlTUkhYTEc3RzlHOUNYQ3dRWHV2clphWlNtdG9aclBGMXV5ZW1XVmNodHR3TTB4b0szUkNkVGh0bnNWQlpHdHZWM2o2QkhkemhWY0pEUQ/callback?with%5Fresponse=true
2025-09-17 00:11:29 | [INFO]    | Discordia 2.13.1
2025-09-17 00:11:29 | [INFO]    | Connecting to Discord...
2025-09-17 00:11:29 | [INFO]    | Authenticated as RefreshingMemory#8730
2025-09-17 00:11:29 | [INFO]    | Launching shard 0 (1 out of 1)...
2025-09-17 00:11:29 | [INFO]    | Shard 0 : Connected to wss://gateway.discord.gg
2025-09-17 00:11:29 | [INFO]    | Shard 0 : Received HELLO
2025-09-17 00:11:29 | [INFO]    | Shard 0 : Received READY
2025-09-17 00:11:36 | [ERROR]   | 400 - Bad Request : POST https://discord.com/api/v8/interactions/1417634051644461106/aW50ZXJhY3Rpb246MTQxNzYzNDA1MTY0NDQ2MTEwNjpNblZSTE1GaUd5WEdsU3ZEZFNSaGNNT29zd3BTbWdIelRRcjd4MktNUUMweU5CN25MM2R6UmZVazRiU09IZ2szY2dIS1pISGJDZlBubFhwVTMzYnM4R2RuaHh0bDhib0JiVVVFcUpxYVBrN1NBRmFYUXRMUzh2eU9DMkZsbWRBaQ/callback?with%5Fresponse=true
2025-09-17 00:12:39 | [INFO]    | Discordia 2.13.1
2025-09-17 00:12:39 | [INFO]    | Connecting to Discord...
2025-09-17 00:12:39 | [INFO]    | Authenticated as RefreshingMemory#8730
2025-09-17 00:12:39 | [INFO]    | Launching shard 0 (1 out of 1)...
2025-09-17 00:12:40 | [INFO]    | Shard 0 : Connected to wss://gateway.discord.gg
2025-09-17 00:12:40 | [INFO]    | Shard 0 : Received HELLO
2025-09-17 00:12:40 | [INFO]    | Shard 0 : Received READY
2025-09-17 00:12:45 | [ERROR]   | 400 - Bad Request : POST https://discord.com/api/v8/interactions/1417634338396180580/aW50ZXJhY3Rpb246MTQxNzYzNDMzODM5NjE4MDU4MDp4Q244Njk0bDQyRDdSSEs1VWVxcVQzQ3RINkxkb3RreTQxajh1eEtqdTlSeVF1THNnTEpwcHRGZ2haRDg4Y005MmoxODgyRE9SdDMyYkdyZGJLWWpRcGtEb0M5aGg1QUpmOXFSVjVMV0lTbzhMSjJObzZ6Mk5zNVVCNkprM2ZQcA/callback?with%5Fresponse=true
2025-09-17 00:13:35 | [INFO]    | Discordia 2.13.1
2025-09-17 00:13:35 | [INFO]    | Connecting to Discord...
2025-09-17 00:13:35 | [INFO]    | Authenticated as RefreshingMemory#8730
2025-09-17 00:13:35 | [INFO]    | Launching shard 0 (1 out of 1)...
2025-09-17 00:13:35 | [INFO]    | Shard 0 : Connected to wss://gateway.discord.gg
2025-09-17 00:13:35 | [INFO]    | Shard 0 : Received HELLO
2025-09-17 00:13:36 | [INFO]    | Shard 0 : Received READY
2025-09-17 00:13:41 | [ERROR]   | 400 - Bad Request : POST https://discord.com/api/v8/interactions/1417634576599351306/aW50ZXJhY3Rpb246MTQxNzYzNDU3NjU5OTM1MTMwNjphdE44TThKM1J6M0NKb2VVM1JmMXN1cEZZTnZadlpOWlQ3NmNwaDVvckdleThPclVURUI1NHZhTmNsZ1pOZkY1TEU0YWF5UlhsVWp2UVdETE54OEc3SXA3a3VQNHl1S29PTWNKNFZkOVB4NHdCOG5ON3JnTVd0OERWR1B2RlpHbg/callback?with%5Fresponse=true
2025-09-17 00:16:57 | [INFO]    | Discordia 2.13.1
2025-09-17 00:16:57 | [INFO]    | Connecting to Discord...
2025-09-17 00:16:58 | [INFO]    | Authenticated as RefreshingMemory#8730
2025-09-17 00:16:58 | [INFO]    | Launching shard 0 (1 out of 1)...
2025-09-17 00:16:58 | [INFO]    | Shard 0 : Connected to wss://gateway.discord.gg
2025-09-17 00:16:58 | [INFO]    | Shard 0 : Received HELLO
2025-09-17 00:16:58 | [INFO]    | Shard 0 : Received READY
2025-09-17 00:18:25 | [INFO]    | Discordia 2.13.1
2025-09-17 00:18:25 | [INFO]    | Connecting to Discord...
2025-09-17 00:18:26 | [INFO]    | Authenticated as RefreshingMemory#8730
2025-09-17 00:18:26 | [INFO]    | Launching shard 0 (1 out of 1)...
2025-09-17 00:18:26 | [INFO]    | Shard 0 : Connected to wss://gateway.discord.gg
2025-09-17 00:18:26 | [INFO]    | Shard 0 : Received HELLO
2025-09-17 00:18:26 | [INFO]    | Shard 0 : Received READY
2025-09-17 00:19:27 | [INFO]    | Discordia 2.13.1
2025-09-17 00:19:27 | [INFO]    | Connecting to Discord...
2025-09-17 00:19:27 | [INFO]    | Authenticated as RefreshingMemory#8730
2025-09-17 00:19:27 | [INFO]    | Launching shard 0 (1 out of 1)...
2025-09-17 00:19:27 | [INFO]    | Shard 0 : Connected to wss://gateway.discord.gg
2025-09-17 00:19:27 | [INFO]    | Shard 0 : Received HELLO
2025-09-17 00:19:27 | [INFO]    | Shard 0 : Received READY
2025-09-17 00:19:57 | [INFO]    | Discordia 2.13.1
2025-09-17 00:19:57 | [INFO]    | Connecting to Discord...
2025-09-17 00:19:57 | [INFO]    | Authenticated as RefreshingMemory#8730
2025-09-17 00:19:57 | [INFO]    | Launching shard 0 (1 out of 1)...
2025-09-17 00:19:57 | [INFO]    | Shard 0 : Connected to wss://gateway.discord.gg
2025-09-17 00:19:57 | [INFO]    | Shard 0 : Received HELLO
2025-09-17 00:19:57 | [INFO]    | Shard 0 : Received READY
2025-09-17 00:20:20 | [INFO]    | Discordia 2.13.1
2025-09-17 00:20:20 | [INFO]    | Connecting to Discord...
2025-09-17 00:20:20 | [INFO]    | Authenticated as RefreshingMemory#8730
2025-09-17 00:20:20 | [INFO]    | Launching shard 0 (1 out of 1)...
2025-09-17 00:20:20 | [INFO]    | Shard 0 : Connected to wss://gateway.discord.gg
2025-09-17 00:20:20 | [INFO]    | Shard 0 : Received HELLO
2025-09-17 00:20:21 | [INFO]    | Shard 0 : Received READY
2025-09-17 00:25:10 | [INFO]    | Discordia 2.13.1
2025-09-17 00:25:10 | [INFO]    | Connecting to Discord...
2025-09-17 00:25:10 | [INFO]    | Authenticated as RefreshingMemory#8730
2025-09-17 00:25:10 | [INFO]    | Launching shard 0 (1 out of 1)...
2025-09-17 00:25:11 | [INFO]    | Shard 0 : Connected to wss://gateway.discord.gg
2025-09-17 00:25:11 | [INFO]    | Shard 0 : Received HELLO
2025-09-17 00:25:11 | [INFO]    | Shard 0 : Received READY
2025-09-17 00:25:18 | [ERROR]   | onComp | Message does not contain components
2025-09-17 00:25:49 | [INFO]    | Discordia 2.13.1
2025-09-17 00:25:49 | [INFO]    | Connecting to Discord...
2025-09-17 00:25:50 | [INFO]    | Authenticated as RefreshingMemory#8730
2025-09-17 00:25:50 | [INFO]    | Launching shard 0 (1 out of 1)...
2025-09-17 00:25:50 | [INFO]    | Shard 0 : Connected to wss://gateway.discord.gg
2025-09-17 00:25:50 | [INFO]    | Shard 0 : Received HELLO
2025-09-17 00:25:50 | [INFO]    | Shard 0 : Received READY
2025-09-17 00:26:06 | [INFO]    | Discordia 2.13.1
2025-09-17 00:26:06 | [INFO]    | Connecting to Discord...
2025-09-17 00:26:07 | [INFO]    | Authenticated as RefreshingMemory#8730
2025-09-17 00:26:07 | [INFO]    | Launching shard 0 (1 out of 1)...
2025-09-17 00:26:07 | [INFO]    | Shard 0 : Connected to wss://gateway.discord.gg
2025-09-17 00:26:07 | [INFO]    | Shard 0 : Received HELLO
2025-09-17 00:26:07 | [INFO]    | Shard 0 : Received READY
2025-09-17 00:26:41 | [INFO]    | Discordia 2.13.1
2025-09-17 00:26:41 | [INFO]    | Connecting to Discord...
2025-09-17 00:26:42 | [INFO]    | Authenticated as RefreshingMemory#8730
2025-09-17 00:26:42 | [INFO]    | Launching shard 0 (1 out of 1)...
2025-09-17 00:26:42 | [INFO]    | Shard 0 : Connected to wss://gateway.discord.gg
2025-09-17 00:26:42 | [INFO]    | Shard 0 : Received HELLO
2025-09-17 00:26:42 | [INFO]    | Shard 0 : Received READY
2025-09-17 00:26:50 | [ERROR]   | 404 - Not Found : DELETE https://discord.com/api/v8/channels/1410649259614802122/messages/1417637874043715717
2025-09-17 00:26:55 | [INFO]    | Discordia 2.13.1
2025-09-17 00:26:55 | [INFO]    | Connecting to Discord...
2025-09-17 00:26:55 | [INFO]    | Authenticated as RefreshingMemory#8730
2025-09-17 00:26:55 | [INFO]    | Launching shard 0 (1 out of 1)...
2025-09-17 00:26:55 | [INFO]    | Shard 0 : Connected to wss://gateway.discord.gg
2025-09-17 00:26:55 | [INFO]    | Shard 0 : Received HELLO
2025-09-17 00:26:56 | [INFO]    | Shard 0 : Received READY
2025-09-17 00:27:08 | [ERROR]   | 404 - Not Found : DELETE https://discord.com/api/v8/channels/1410649259614802122/messages/1417637942238642248
2025-09-17 00:27:30 | [INFO]    | Discordia 2.13.1
2025-09-17 00:27:30 | [INFO]    | Connecting to Discord...
2025-09-17 00:27:31 | [INFO]    | Authenticated as RefreshingMemory#8730
2025-09-17 00:27:31 | [INFO]    | Launching shard 0 (1 out of 1)...
2025-09-17 00:27:31 | [INFO]    | Shard 0 : Connected to wss://gateway.discord.gg
2025-09-17 00:27:31 | [INFO]    | Shard 0 : Received HELLO
2025-09-17 00:27:31 | [INFO]    | Shard 0 : Received READY
2025-09-17 00:29:17 | [INFO]    | Discordia 2.13.1
2025-09-17 00:29:17 | [INFO]    | Connecting to Discord...
2025-09-17 00:29:17 | [INFO]    | Authenticated as RefreshingMemory#8730
2025-09-17 00:29:17 | [INFO]    | Launching shard 0 (1 out of 1)...
2025-09-17 00:29:18 | [INFO]    | Shard 0 : Connected to wss://gateway.discord.gg
2025-09-17 00:29:18 | [INFO]    | Shard 0 : Received HELLO
2025-09-17 00:29:18 | [INFO]    | Shard 0 : Received READY
2025-09-17 00:30:36 | [INFO]    | Discordia 2.13.1
2025-09-17 00:30:36 | [INFO]    | Connecting to Discord...
2025-09-17 00:30:36 | [INFO]    | Authenticated as RefreshingMemory#8730
2025-09-17 00:30:36 | [INFO]    | Launching shard 0 (1 out of 1)...
2025-09-17 00:30:36 | [INFO]    | Shard 0 : Connected to wss://gateway.discord.gg
2025-09-17 00:30:36 | [INFO]    | Shard 0 : Received HELLO
2025-09-17 00:30:36 | [INFO]    | Shard 0 : Received READY
2025-09-17 00:30:44 | [ERROR]   | 400 - Bad Request : PATCH https://discord.com/api/v8/channels/1410648070592528447/messages/1417638842957168902
2025-09-17 00:31:22 | [INFO]    | Discordia 2.13.1
2025-09-17 00:31:22 | [INFO]    | Connecting to Discord...
2025-09-17 00:31:23 | [INFO]    | Authenticated as RefreshingMemory#8730
2025-09-17 00:31:23 | [INFO]    | Launching shard 0 (1 out of 1)...
2025-09-17 00:31:23 | [INFO]    | Shard 0 : Connected to wss://gateway.discord.gg
2025-09-17 00:31:23 | [INFO]    | Shard 0 : Received HELLO
2025-09-17 00:31:23 | [INFO]    | Shard 0 : Received READY
2025-09-17 00:39:13 | [INFO]    | Discordia 2.13.1
2025-09-17 00:39:13 | [INFO]    | Connecting to Discord...
2025-09-17 00:39:14 | [INFO]    | Authenticated as RefreshingMemory#8730
2025-09-17 00:39:14 | [INFO]    | Launching shard 0 (1 out of 1)...
2025-09-17 00:39:14 | [INFO]    | Shard 0 : Connected to wss://gateway.discord.gg
2025-09-17 00:39:14 | [INFO]    | Shard 0 : Received HELLO
2025-09-17 00:39:14 | [INFO]    | Shard 0 : Received READY
2025-09-17 00:41:26 | [INFO]    | Discordia 2.13.1
2025-09-17 00:41:26 | [INFO]    | Connecting to Discord...
2025-09-17 00:41:26 | [INFO]    | Authenticated as RefreshingMemory#8730
2025-09-17 00:41:26 | [INFO]    | Launching shard 0 (1 out of 1)...
2025-09-17 00:41:26 | [INFO]    | Shard 0 : Connected to wss://gateway.discord.gg
2025-09-17 00:41:26 | [INFO]    | Shard 0 : Received HELLO
2025-09-17 00:41:26 | [INFO]    | Shard 0 : Received READY
2025-09-17 00:46:02 | [INFO]    | Discordia 2.13.1
2025-09-17 00:46:02 | [INFO]    | Connecting to Discord...
2025-09-17 00:46:02 | [INFO]    | Authenticated as RefreshingMemory#8730
2025-09-17 00:46:02 | [INFO]    | Launching shard 0 (1 out of 1)...
2025-09-17 00:46:03 | [INFO]    | Shard 0 : Connected to wss://gateway.discord.gg
2025-09-17 00:46:03 | [INFO]    | Shard 0 : Received HELLO
2025-09-17 00:46:03 | [INFO]    | Shard 0 : Received READY
2025-09-17 00:51:17 | [INFO]    | Discordia 2.13.1
2025-09-17 00:51:17 | [INFO]    | Connecting to Discord...
2025-09-17 00:51:17 | [INFO]    | Authenticated as RefreshingMemory#8730
2025-09-17 00:51:17 | [INFO]    | Launching shard 0 (1 out of 1)...
2025-09-17 00:51:17 | [INFO]    | Shard 0 : Connected to wss://gateway.discord.gg
2025-09-17 00:51:17 | [INFO]    | Shard 0 : Received HELLO
2025-09-17 00:51:17 | [INFO]    | Shard 0 : Received READY
2025-09-17 00:51:30 | [INFO]    | Discordia 2.13.1
2025-09-17 00:51:30 | [INFO]    | Connecting to Discord...
2025-09-17 00:51:31 | [INFO]    | Authenticated as RefreshingMemory#8730
2025-09-17 00:51:31 | [INFO]    | Launching shard 0 (1 out of 1)...
2025-09-17 00:51:31 | [INFO]    | Shard 0 : Connected to wss://gateway.discord.gg
2025-09-17 00:51:31 | [INFO]    | Shard 0 : Received HELLO
2025-09-17 00:51:31 | [INFO]    | Shard 0 : Received READY
2025-09-17 00:52:29 | [INFO]    | Discordia 2.13.1
2025-09-17 00:52:29 | [INFO]    | Connecting to Discord...
2025-09-17 00:52:29 | [INFO]    | Authenticated as RefreshingMemory#8730
2025-09-17 00:52:29 | [INFO]    | Launching shard 0 (1 out of 1)...
2025-09-17 00:52:30 | [INFO]    | Shard 0 : Connected to wss://gateway.discord.gg
2025-09-17 00:52:30 | [INFO]    | Shard 0 : Received HELLO
2025-09-17 00:52:30 | [INFO]    | Shard 0 : Received READY
2025-09-17 00:52:56 | [INFO]    | Discordia 2.13.1
2025-09-17 00:52:56 | [INFO]    | Connecting to Discord...
2025-09-17 00:52:56 | [INFO]    | Authenticated as RefreshingMemory#8730
2025-09-17 00:52:56 | [INFO]    | Launching shard 0 (1 out of 1)...
2025-09-17 00:52:56 | [INFO]    | Shard 0 : Connected to wss://gateway.discord.gg
2025-09-17 00:52:56 | [INFO]    | Shard 0 : Received HELLO
2025-09-17 00:52:56 | [INFO]    | Shard 0 : Received READY
2025-09-17 00:53:08 | [INFO]    | Discordia 2.13.1
2025-09-17 00:53:08 | [INFO]    | Connecting to Discord...
2025-09-17 00:53:08 | [INFO]    | Authenticated as RefreshingMemory#8730
2025-09-17 00:53:08 | [INFO]    | Launching shard 0 (1 out of 1)...
2025-09-17 00:53:08 | [INFO]    | Shard 0 : Connected to wss://gateway.discord.gg
2025-09-17 00:53:08 | [INFO]    | Shard 0 : Received HELLO
2025-09-17 00:53:09 | [INFO]    | Shard 0 : Received READY
2025-09-17 00:54:37 | [INFO]    | Discordia 2.13.1
2025-09-17 00:54:37 | [INFO]    | Connecting to Discord...
2025-09-17 00:54:37 | [INFO]    | Authenticated as RefreshingMemory#8730
2025-09-17 00:54:37 | [INFO]    | Launching shard 0 (1 out of 1)...
2025-09-17 00:54:37 | [INFO]    | Shard 0 : Connected to wss://gateway.discord.gg
2025-09-17 00:54:37 | [INFO]    | Shard 0 : Received HELLO
2025-09-17 00:54:37 | [INFO]    | Shard 0 : Received READY
2025-09-17 00:57:34 | [INFO]    | Discordia 2.13.1
2025-09-17 00:57:34 | [INFO]    | Connecting to Discord...
2025-09-17 00:57:34 | [INFO]    | Authenticated as RefreshingMemory#8730
2025-09-17 00:57:34 | [INFO]    | Launching shard 0 (1 out of 1)...
2025-09-17 00:57:35 | [INFO]    | Shard 0 : Connected to wss://gateway.discord.gg
2025-09-17 00:57:35 | [INFO]    | Shard 0 : Received HELLO
2025-09-17 00:57:35 | [INFO]    | Shard 0 : Received READY
2025-09-17 00:58:09 | [INFO]    | Discordia 2.13.1
2025-09-17 00:58:09 | [INFO]    | Connecting to Discord...
2025-09-17 00:58:09 | [INFO]    | Authenticated as RefreshingMemory#8730
2025-09-17 00:58:09 | [INFO]    | Launching shard 0 (1 out of 1)...
2025-09-17 00:58:09 | [INFO]    | Shard 0 : Connected to wss://gateway.discord.gg
2025-09-17 00:58:09 | [INFO]    | Shard 0 : Received HELLO
2025-09-17 00:58:09 | [INFO]    | Shard 0 : Received READY
2025-09-17 01:00:22 | [INFO]    | Discordia 2.13.1
2025-09-17 01:00:22 | [INFO]    | Connecting to Discord...
2025-09-17 01:00:22 | [INFO]    | Authenticated as RefreshingMemory#8730
2025-09-17 01:00:22 | [INFO]    | Launching shard 0 (1 out of 1)...
2025-09-17 01:00:22 | [INFO]    | Shard 0 : Connected to wss://gateway.discord.gg
2025-09-17 01:00:22 | [INFO]    | Shard 0 : Received HELLO
2025-09-17 01:00:23 | [INFO]    | Shard 0 : Received READY
2025-09-17 01:00:40 | [ERROR]   | 404 - Not Found : DELETE https://discord.com/api/v8/webhooks/1417514013843001385/aW50ZXJhY3Rpb246MTQxNzY0NjM3ODY5MTIwMzEyMjpkMjY2TnpYT3RZclo4eEZkQlV2UlJCY3lnSzVMWUF0emk4TmY0VDlrdFpGN05Uek4wOVJBUG44WkJRd0ZaVHlLTnhmUVNqNmtRQU1vdUhBMlE4dTJBd3NIWXcwQmVqRWdyT2ZqcnVSTVFtSlU1MW9WeUV2bVVyZ2g0WHhINDVPVw/messages/1417646360718479551
2025-09-17 01:01:11 | [INFO]    | Discordia 2.13.1
2025-09-17 01:01:11 | [INFO]    | Connecting to Discord...
2025-09-17 01:01:11 | [INFO]    | Authenticated as RefreshingMemory#8730
2025-09-17 01:01:11 | [INFO]    | Launching shard 0 (1 out of 1)...
2025-09-17 01:01:11 | [INFO]    | Shard 0 : Connected to wss://gateway.discord.gg
2025-09-17 01:01:11 | [INFO]    | Shard 0 : Received HELLO
2025-09-17 01:01:12 | [INFO]    | Shard 0 : Received READY
2025-09-17 01:04:17 | [INFO]    | Discordia 2.13.1
2025-09-17 01:04:17 | [INFO]    | Connecting to Discord...
2025-09-17 01:04:18 | [INFO]    | Authenticated as RefreshingMemory#8730
2025-09-17 01:04:18 | [INFO]    | Launching shard 0 (1 out of 1)...
2025-09-17 01:04:18 | [INFO]    | Shard 0 : Connected to wss://gateway.discord.gg
2025-09-17 01:04:18 | [INFO]    | Shard 0 : Received HELLO
2025-09-17 01:04:19 | [INFO]    | Shard 0 : Received READY
2025-09-17 01:05:10 | [INFO]    | Discordia 2.13.1
2025-09-17 01:05:10 | [INFO]    | Connecting to Discord...
2025-09-17 01:05:11 | [INFO]    | Authenticated as RefreshingMemory#8730
2025-09-17 01:05:11 | [INFO]    | Launching shard 0 (1 out of 1)...
2025-09-17 01:05:11 | [INFO]    | Shard 0 : Connected to wss://gateway.discord.gg
2025-09-17 01:05:11 | [INFO]    | Shard 0 : Received HELLO
2025-09-17 01:05:11 | [INFO]    | Shard 0 : Received READY
2025-09-17 01:05:23 | [INFO]    | Discordia 2.13.1
2025-09-17 01:05:23 | [INFO]    | Connecting to Discord...
2025-09-17 01:05:24 | [INFO]    | Authenticated as RefreshingMemory#8730
2025-09-17 01:05:24 | [INFO]    | Launching shard 0 (1 out of 1)...
2025-09-17 01:05:24 | [INFO]    | Shard 0 : Connected to wss://gateway.discord.gg
2025-09-17 01:05:24 | [INFO]    | Shard 0 : Received HELLO
2025-09-17 01:05:24 | [INFO]    | Shard 0 : Received READY
2025-09-17 01:06:38 | [INFO]    | Discordia 2.13.1
2025-09-17 01:06:38 | [INFO]    | Connecting to Discord...
2025-09-17 01:06:38 | [INFO]    | Authenticated as RefreshingMemory#8730
2025-09-17 01:06:38 | [INFO]    | Launching shard 0 (1 out of 1)...
2025-09-17 01:06:39 | [INFO]    | Shard 0 : Connected to wss://gateway.discord.gg
2025-09-17 01:06:39 | [INFO]    | Shard 0 : Received HELLO
2025-09-17 01:06:39 | [INFO]    | Shard 0 : Received READY
2025-09-17 01:09:37 | [INFO]    | Discordia 2.13.1
2025-09-17 01:09:37 | [INFO]    | Connecting to Discord...
2025-09-17 01:09:38 | [INFO]    | Authenticated as RefreshingMemory#8730
2025-09-17 01:09:38 | [INFO]    | Launching shard 0 (1 out of 1)...
2025-09-17 01:09:38 | [INFO]    | Shard 0 : Connected to wss://gateway.discord.gg
2025-09-17 01:09:38 | [INFO]    | Shard 0 : Received HELLO
2025-09-17 01:09:38 | [INFO]    | Shard 0 : Received READY
2025-09-17 01:14:24 | [INFO]    | Discordia 2.13.1
2025-09-17 01:14:24 | [INFO]    | Connecting to Discord...
2025-09-17 01:14:25 | [INFO]    | Authenticated as RefreshingMemory#8730
2025-09-17 01:14:25 | [INFO]    | Launching shard 0 (1 out of 1)...
2025-09-17 01:14:25 | [INFO]    | Shard 0 : Connected to wss://gateway.discord.gg
2025-09-17 01:14:25 | [INFO]    | Shard 0 : Received HELLO
2025-09-17 01:14:25 | [INFO]    | Shard 0 : Received READY
